<?xml version="1.0" encoding="UTF-8"?>
<testsuites name="test_suite_collection" time="209.304" tests="21" failures="9" errors="0">
   <testsuite name="checkpoint_testsuite_country_009" tests="1" failures="0" errors="0" time="8.187" skipped="0" timestamp="26-01-2024T17:40:45" hostname="cheta - 192.168.1.36" id="Test Suites/checkpoints_testsuite_folder/checkpoint_testsuite_country_009">
      <properties>
         <property name="deviceName" value=""/>
         <property name="devicePlatform" value=""/>
         <property name="logFolder" value="C:\\Users\\cheta\\git\\SI-GuidedProject-705826-1704943913\\SI-GuidedProject-705826-1704943913\\SI-GuidedProject-705826-1704943913\\Reports\\20240126_174008\\checkpoints_testsuite_folder\\checkpoint_testsuite_country_009\\20240126_174010"/>
         <property name="logFiles" value="C:\\Users\\cheta\\git\\SI-GuidedProject-705826-1704943913\\SI-GuidedProject-705826-1704943913\\SI-GuidedProject-705826-1704943913\\Reports\\20240126_174008\\checkpoints_testsuite_folder\\checkpoint_testsuite_country_009\\20240126_174010\\execution0.log"/>
         <property name="attachments" value=""/>
         <property name="hostName" value="cheta - 192.168.1.36"/>
         <property name="hostAddress" value="192.168.1.36"/>
         <property name="os" value="Windows 11 64bit"/>
         <property name="katalonVersion" value="9.1.0.212"/>
      </properties>
      <testcase name="Test Cases/checkpoint/checkpoint_tc_country_009" time="6.944" classname="Test Cases/checkpoint/checkpoint_tc_country_009" status="PASSED">
         <system-out><![CDATA[26-01-2024T17:40:47 - [TEST_CASE][PASSED] - Test Cases/checkpoint/checkpoint_tc_country_009: Test Cases/checkpoint/checkpoint_tc_country_009

26-01-2024T17:40:48 - [TEST_STEP][PASSED] - verifyCheckpoint(findCheckpoint("Checkpoints/Checkpoint_for_country"), true): Checkpoint data and Source data are matched

26-01-2024T17:40:53 - [MESSAGE][PASSED] - Checkpoint data and Source data are matched]]></system-out>
         <system-err><![CDATA[]]></system-err>
      </testcase>
      <system-out><![CDATA[26-01-2024T17:40:45 - [TEST_SUITE][PASSED] - checkpoint_testsuite_country_009: Test Cases/checkpoint/checkpoint_tc_country_009]]></system-out>
      <system-err><![CDATA[]]></system-err>
   </testsuite>
   <testsuite name="checkpoint_ts_adress_008" tests="1" failures="0" errors="0" time="7.63" skipped="0" timestamp="26-01-2024T17:40:45" hostname="cheta - 192.168.1.36" id="Test Suites/checkpoints_testsuite_folder/checkpoint_ts_adress_008">
      <properties>
         <property name="deviceName" value=""/>
         <property name="devicePlatform" value=""/>
         <property name="logFolder" value="C:\\Users\\cheta\\git\\SI-GuidedProject-705826-1704943913\\SI-GuidedProject-705826-1704943913\\SI-GuidedProject-705826-1704943913\\Reports\\20240126_174008\\checkpoints_testsuite_folder\\checkpoint_ts_adress_008\\20240126_174012"/>
         <property name="logFiles" value="C:\\Users\\cheta\\git\\SI-GuidedProject-705826-1704943913\\SI-GuidedProject-705826-1704943913\\SI-GuidedProject-705826-1704943913\\Reports\\20240126_174008\\checkpoints_testsuite_folder\\checkpoint_ts_adress_008\\20240126_174012\\execution0.log"/>
         <property name="attachments" value=""/>
         <property name="hostName" value="cheta - 192.168.1.36"/>
         <property name="hostAddress" value="192.168.1.36"/>
         <property name="os" value="Windows 11 64bit"/>
         <property name="katalonVersion" value="9.1.0.212"/>
      </properties>
      <testcase name="Test Cases/checkpoint/checkpoint_tc_adress_008" time="6.493" classname="Test Cases/checkpoint/checkpoint_tc_adress_008" status="PASSED">
         <system-out><![CDATA[26-01-2024T17:40:46 - [TEST_CASE][PASSED] - Test Cases/checkpoint/checkpoint_tc_adress_008: Test Cases/checkpoint/checkpoint_tc_adress_008

26-01-2024T17:40:48 - [TEST_STEP][PASSED] - verifyCheckpoint(findCheckpoint("Checkpoints/checkpoint_for_delivery_adress"), true): Checkpoint data and Source data are matched

26-01-2024T17:40:53 - [MESSAGE][PASSED] - Checkpoint data and Source data are matched]]></system-out>
         <system-err><![CDATA[]]></system-err>
      </testcase>
      <system-out><![CDATA[26-01-2024T17:40:45 - [TEST_SUITE][PASSED] - checkpoint_ts_adress_008: Test Cases/checkpoint/checkpoint_tc_adress_008]]></system-out>
      <system-err><![CDATA[]]></system-err>
   </testsuite>
   <testsuite name="category_item_ts_002" tests="4" failures="0" errors="0" time="100.128" skipped="0" timestamp="26-01-2024T17:40:48" hostname="cheta - 192.168.1.36" id="Test Suites/data_driven_testing_ts_folder/category_item_ts_002">
      <properties>
         <property name="deviceName" value=""/>
         <property name="devicePlatform" value=""/>
         <property name="logFolder" value="C:\\Users\\cheta\\git\\SI-GuidedProject-705826-1704943913\\SI-GuidedProject-705826-1704943913\\SI-GuidedProject-705826-1704943913\\Reports\\20240126_174008\\data_driven_testing_ts_folder\\category_item_ts_002\\20240126_174014"/>
         <property name="logFiles" value="C:\\Users\\cheta\\git\\SI-GuidedProject-705826-1704943913\\SI-GuidedProject-705826-1704943913\\SI-GuidedProject-705826-1704943913\\Reports\\20240126_174008\\data_driven_testing_ts_folder\\category_item_ts_002\\20240126_174014\\execution0.log"/>
         <property name="attachments" value=""/>
         <property name="hostName" value="cheta - 192.168.1.36"/>
         <property name="os" value="Windows 11 64bit"/>
         <property name="katalonVersion" value="9.1.0.212"/>
         <property name="browser" value="Chrome 120.0.0.0"/>
         <property name="hostAddress" value="192.168.1.36"/>
         <property name="sessionId" value="97f5a25d817ec2626d9c8a4942934d25"/>
         <property name="seleniumVersion" value="3.141.59"/>
         <property name="proxyInformation" value="ProxyInformation { proxyOption=NO_PROXY, proxyServerType=HTTP, username=, password=********, proxyServerAddress=, proxyServerPort=0, executionList=&quot;&quot;, isApplyToDesiredCapabilities=true }"/>
         <property name="platform" value="Windows 11"/>
      </properties>
      <testcase name="Test Cases/Data_driven_testing_folder/category_item_tc_002" time="30.92" classname="Test Cases/Data_driven_testing_folder/category_item_tc_002" status="PASSED">
         <system-out><![CDATA[26-01-2024T17:40:49 - [TEST_CASE][PASSED] - Test Cases/Data_driven_testing_folder/category_item_tc_002: Test Cases/Data_driven_testing_folder/category_item_tc_002

26-01-2024T17:40:51 - [TEST_STEP][PASSED] - openBrowser(""): Browser is opened with url: ''

26-01-2024T17:40:54 - [MESSAGE][INFO] - Starting 'Chrome' driver

26-01-2024T17:40:55 - [MESSAGE][INFO] - Action delay is set to 0 milliseconds

26-01-2024T17:41:05 - [MESSAGE][PASSED] - Browser is opened with url: ''

26-01-2024T17:41:05 - [TEST_STEP][PASSED] - navigateToUrl("https://www.amazon.in/"): Navigate to 'https://www.amazon.in/' successfully

26-01-2024T17:41:05 - [MESSAGE][PASSED] - Navigate to 'https://www.amazon.in/' successfully

26-01-2024T17:41:05 - [TEST_STEP][PASSED] - selectOptionByValue(findTestObject("Object Repository/Page_Online Shopping site in India Shop Onl_10c5f3/select_All Categories        Alexa Skills  _59be89"), "search-alias=" + category, true): All options with value 'search-alias=baby' are selected in object 'Object Repository/Page_Online Shopping site in India Shop Onl_10c5f3/select_All Categories        Alexa Skills  _59be89'  using regular expression

26-01-2024T17:41:14 - [MESSAGE][PASSED] - All options with value 'search-alias=baby' are selected in object 'Object Repository/Page_Online Shopping site in India Shop Onl_10c5f3/select_All Categories        Alexa Skills  _59be89'  using regular expression

26-01-2024T17:41:14 - [TEST_STEP][PASSED] - setText(findTestObject("Object Repository/Page_Online Shopping site in India Shop Onl_10c5f3/input_field-keywords"), item): Text 'walker' is set on object 'Object Repository/Page_Online Shopping site in India Shop Onl_10c5f3/input_field-keywords'

26-01-2024T17:41:15 - [MESSAGE][PASSED] - Text 'walker' is set on object 'Object Repository/Page_Online Shopping site in India Shop Onl_10c5f3/input_field-keywords'

26-01-2024T17:41:15 - [TEST_STEP][PASSED] - click(findTestObject("Object Repository/Page_Online Shopping site in India Shop Onl_10c5f3/inputnav-search-submit-button")): Object: 'Object Repository/Page_Online Shopping site in India Shop Onl_10c5f3/inputnav-search-submit-button' is clicked on

26-01-2024T17:41:20 - [MESSAGE][PASSED] - Object: 'Object Repository/Page_Online Shopping site in India Shop Onl_10c5f3/inputnav-search-submit-button' is clicked on]]></system-out>
         <system-err><![CDATA[]]></system-err>
      </testcase>
      <testcase name="Test Cases/Data_driven_testing_folder/category_item_tc_002" time="35.318" classname="Test Cases/Data_driven_testing_folder/category_item_tc_002" status="PASSED">
         <system-out><![CDATA[26-01-2024T17:41:20 - [TEST_CASE][PASSED] - Test Cases/Data_driven_testing_folder/category_item_tc_002: Test Cases/Data_driven_testing_folder/category_item_tc_002

26-01-2024T17:41:20 - [TEST_STEP][PASSED] - openBrowser(""): Browser is opened with url: ''

26-01-2024T17:41:20 - [MESSAGE][WARNING] - A browser is already opened. Closing browser and opening a new one

26-01-2024T17:41:20 - [MESSAGE][INFO] - Starting 'Chrome' driver

26-01-2024T17:41:20 - [MESSAGE][INFO] - Action delay is set to 0 milliseconds

26-01-2024T17:41:21 - [MESSAGE][PASSED] - Browser is opened with url: ''

26-01-2024T17:41:21 - [TEST_STEP][PASSED] - navigateToUrl("https://www.amazon.in/"): Navigate to 'https://www.amazon.in/' successfully

26-01-2024T17:41:23 - [MESSAGE][PASSED] - Navigate to 'https://www.amazon.in/' successfully

26-01-2024T17:41:23 - [TEST_STEP][PASSED] - selectOptionByValue(findTestObject("Object Repository/Page_Online Shopping site in India Shop Onl_10c5f3/select_All Categories        Alexa Skills  _59be89"), "search-alias=" + category, true): All options with value 'search-alias=electronics' are selected in object 'Object Repository/Page_Online Shopping site in India Shop Onl_10c5f3/select_All Categories        Alexa Skills  _59be89'  using regular expression

26-01-2024T17:41:44 - [MESSAGE][PASSED] - All options with value 'search-alias=electronics' are selected in object 'Object Repository/Page_Online Shopping site in India Shop Onl_10c5f3/select_All Categories        Alexa Skills  _59be89'  using regular expression

26-01-2024T17:41:44 - [TEST_STEP][PASSED] - setText(findTestObject("Object Repository/Page_Online Shopping site in India Shop Onl_10c5f3/input_field-keywords"), item): Text 'switch' is set on object 'Object Repository/Page_Online Shopping site in India Shop Onl_10c5f3/input_field-keywords'

26-01-2024T17:41:46 - [MESSAGE][PASSED] - Text 'switch' is set on object 'Object Repository/Page_Online Shopping site in India Shop Onl_10c5f3/input_field-keywords'

26-01-2024T17:41:46 - [TEST_STEP][PASSED] - click(findTestObject("Object Repository/Page_Online Shopping site in India Shop Onl_10c5f3/inputnav-search-submit-button")): Object: 'Object Repository/Page_Online Shopping site in India Shop Onl_10c5f3/inputnav-search-submit-button' is clicked on

26-01-2024T17:41:55 - [MESSAGE][PASSED] - Object: 'Object Repository/Page_Online Shopping site in India Shop Onl_10c5f3/inputnav-search-submit-button' is clicked on]]></system-out>
         <system-err><![CDATA[]]></system-err>
      </testcase>
      <testcase name="Test Cases/Data_driven_testing_folder/category_item_tc_002" time="19.749" classname="Test Cases/Data_driven_testing_folder/category_item_tc_002" status="PASSED">
         <system-out><![CDATA[26-01-2024T17:41:55 - [TEST_CASE][PASSED] - Test Cases/Data_driven_testing_folder/category_item_tc_002: Test Cases/Data_driven_testing_folder/category_item_tc_002

26-01-2024T17:41:55 - [TEST_STEP][PASSED] - openBrowser(""): Browser is opened with url: ''

26-01-2024T17:41:55 - [MESSAGE][WARNING] - A browser is already opened. Closing browser and opening a new one

26-01-2024T17:41:56 - [MESSAGE][INFO] - Starting 'Chrome' driver

26-01-2024T17:41:56 - [MESSAGE][INFO] - Action delay is set to 0 milliseconds

26-01-2024T17:41:57 - [MESSAGE][PASSED] - Browser is opened with url: ''

26-01-2024T17:41:57 - [TEST_STEP][PASSED] - navigateToUrl("https://www.amazon.in/"): Navigate to 'https://www.amazon.in/' successfully

26-01-2024T17:41:59 - [MESSAGE][PASSED] - Navigate to 'https://www.amazon.in/' successfully

26-01-2024T17:41:59 - [TEST_STEP][PASSED] - selectOptionByValue(findTestObject("Object Repository/Page_Online Shopping site in India Shop Onl_10c5f3/select_All Categories        Alexa Skills  _59be89"), "search-alias=" + category, true): All options with value 'search-alias=beauty' are selected in object 'Object Repository/Page_Online Shopping site in India Shop Onl_10c5f3/select_All Categories        Alexa Skills  _59be89'  using regular expression

26-01-2024T17:42:02 - [MESSAGE][PASSED] - All options with value 'search-alias=beauty' are selected in object 'Object Repository/Page_Online Shopping site in India Shop Onl_10c5f3/select_All Categories        Alexa Skills  _59be89'  using regular expression

26-01-2024T17:42:02 - [TEST_STEP][PASSED] - setText(findTestObject("Object Repository/Page_Online Shopping site in India Shop Onl_10c5f3/input_field-keywords"), item): Text 'lip stick' is set on object 'Object Repository/Page_Online Shopping site in India Shop Onl_10c5f3/input_field-keywords'

26-01-2024T17:42:03 - [MESSAGE][PASSED] - Text 'lip stick' is set on object 'Object Repository/Page_Online Shopping site in India Shop Onl_10c5f3/input_field-keywords'

26-01-2024T17:42:03 - [TEST_STEP][PASSED] - click(findTestObject("Object Repository/Page_Online Shopping site in India Shop Onl_10c5f3/inputnav-search-submit-button")): Object: 'Object Repository/Page_Online Shopping site in India Shop Onl_10c5f3/inputnav-search-submit-button' is clicked on

26-01-2024T17:42:15 - [MESSAGE][PASSED] - Object: 'Object Repository/Page_Online Shopping site in India Shop Onl_10c5f3/inputnav-search-submit-button' is clicked on]]></system-out>
         <system-err><![CDATA[]]></system-err>
      </testcase>
      <testcase name="Test Cases/Data_driven_testing_folder/category_item_tc_002" time="12.668" classname="Test Cases/Data_driven_testing_folder/category_item_tc_002" status="PASSED">
         <system-out><![CDATA[26-01-2024T17:42:15 - [TEST_CASE][PASSED] - Test Cases/Data_driven_testing_folder/category_item_tc_002: Test Cases/Data_driven_testing_folder/category_item_tc_002

26-01-2024T17:42:15 - [TEST_STEP][PASSED] - openBrowser(""): Browser is opened with url: ''

26-01-2024T17:42:15 - [MESSAGE][WARNING] - A browser is already opened. Closing browser and opening a new one

26-01-2024T17:42:15 - [MESSAGE][INFO] - Starting 'Chrome' driver

26-01-2024T17:42:15 - [MESSAGE][INFO] - Action delay is set to 0 milliseconds

26-01-2024T17:42:16 - [MESSAGE][PASSED] - Browser is opened with url: ''

26-01-2024T17:42:16 - [TEST_STEP][PASSED] - navigateToUrl("https://www.amazon.in/"): Navigate to 'https://www.amazon.in/' successfully

26-01-2024T17:42:18 - [MESSAGE][PASSED] - Navigate to 'https://www.amazon.in/' successfully

26-01-2024T17:42:18 - [TEST_STEP][PASSED] - selectOptionByValue(findTestObject("Object Repository/Page_Online Shopping site in India Shop Onl_10c5f3/select_All Categories        Alexa Skills  _59be89"), "search-alias=" + category, true): All options with value 'search-alias=watches' are selected in object 'Object Repository/Page_Online Shopping site in India Shop Onl_10c5f3/select_All Categories        Alexa Skills  _59be89'  using regular expression

26-01-2024T17:42:20 - [MESSAGE][PASSED] - All options with value 'search-alias=watches' are selected in object 'Object Repository/Page_Online Shopping site in India Shop Onl_10c5f3/select_All Categories        Alexa Skills  _59be89'  using regular expression

26-01-2024T17:42:20 - [TEST_STEP][PASSED] - setText(findTestObject("Object Repository/Page_Online Shopping site in India Shop Onl_10c5f3/input_field-keywords"), item): Text 'rolex' is set on object 'Object Repository/Page_Online Shopping site in India Shop Onl_10c5f3/input_field-keywords'

26-01-2024T17:42:22 - [MESSAGE][PASSED] - Text 'rolex' is set on object 'Object Repository/Page_Online Shopping site in India Shop Onl_10c5f3/input_field-keywords'

26-01-2024T17:42:22 - [TEST_STEP][PASSED] - click(findTestObject("Object Repository/Page_Online Shopping site in India Shop Onl_10c5f3/inputnav-search-submit-button")): Object: 'Object Repository/Page_Online Shopping site in India Shop Onl_10c5f3/inputnav-search-submit-button' is clicked on

26-01-2024T17:42:28 - [MESSAGE][PASSED] - Object: 'Object Repository/Page_Online Shopping site in India Shop Onl_10c5f3/inputnav-search-submit-button' is clicked on]]></system-out>
         <system-err><![CDATA[]]></system-err>
      </testcase>
      <system-out><![CDATA[26-01-2024T17:40:48 - [TEST_SUITE][PASSED] - category_item_ts_002: Test Cases/Data_driven_testing_folder/category_item_tc_002]]></system-out>
      <system-err><![CDATA[]]></system-err>
   </testsuite>
   <testsuite name="country_ts_005" tests="4" failures="4" errors="0" time="21.983" skipped="0" timestamp="26-01-2024T17:40:51" hostname="cheta - 192.168.1.36" id="Test Suites/data_driven_testing_ts_folder/country_ts_005">
      <properties>
         <property name="deviceName" value=""/>
         <property name="devicePlatform" value=""/>
         <property name="logFolder" value="C:\\Users\\cheta\\git\\SI-GuidedProject-705826-1704943913\\SI-GuidedProject-705826-1704943913\\SI-GuidedProject-705826-1704943913\\Reports\\20240126_174008\\data_driven_testing_ts_folder\\country_ts_005\\20240126_174016"/>
         <property name="logFiles" value="C:\\Users\\cheta\\git\\SI-GuidedProject-705826-1704943913\\SI-GuidedProject-705826-1704943913\\SI-GuidedProject-705826-1704943913\\Reports\\20240126_174008\\data_driven_testing_ts_folder\\country_ts_005\\20240126_174016\\execution0.log"/>
         <property name="attachments" value=""/>
         <property name="hostName" value="cheta - 192.168.1.36"/>
         <property name="hostAddress" value="192.168.1.36"/>
         <property name="os" value="Windows 11 64bit"/>
         <property name="katalonVersion" value="9.1.0.212"/>
      </properties>
      <testcase name="Test Cases/variable_testcase_folder/global_variable_country_tc_010" time="0.527" classname="Test Cases/variable_testcase_folder/global_variable_country_tc_010" status="FAILED">
         <failure type="FAILED" message="Test Cases/variable_testcase_folder/global_variable_country_tc_010 FAILED.&#xa;Reason:&#xa;com.kms.katalon.core.exception.StepFailedException: Unable to open browser with url: ''&#xa;	at com.kms.katalon.core.webui.keyword.internal.WebUIKeywordMain.stepFailed(WebUIKeywordMain.groovy:64)&#xa;	at com.kms.katalon.core.webui.keyword.internal.WebUIKeywordMain.runKeyword(WebUIKeywordMain.groovy:26)&#xa;	at com.kms.katalon.core.webui.keyword.builtin.OpenBrowserKeyword.openBrowser(OpenBrowserKeyword.groovy:81)&#xa;	at com.kms.katalon.core.webui.keyword.builtin.OpenBrowserKeyword.execute(OpenBrowserKeyword.groovy:67)&#xa;	at com.kms.katalon.core.keyword.internal.KeywordExecutor.executeKeywordForPlatform(KeywordExecutor.groovy:74)&#xa;	at com.kms.katalon.core.webui.keyword.WebUiBuiltInKeywords.openBrowser(WebUiBuiltInKeywords.groovy:64)&#xa;	at global_variable_country_tc_010.run(global_variable_country_tc_010:20)&#xa;	at com.kms.katalon.core.main.ScriptEngine.run(ScriptEngine.java:194)&#xa;	at com.kms.katalon.core.main.ScriptEngine.runScriptAsRawText(ScriptEngine.java:119)&#xa;	at com.kms.katalon.core.main.TestCaseExecutor.runScript(TestCaseExecutor.java:448)&#xa;	at com.kms.katalon.core.main.TestCaseExecutor.doExecute(TestCaseExecutor.java:439)&#xa;	at com.kms.katalon.core.main.TestCaseExecutor.processExecutionPhase(TestCaseExecutor.java:418)&#xa;	at com.kms.katalon.core.main.TestCaseExecutor.accessMainPhase(TestCaseExecutor.java:410)&#xa;	at com.kms.katalon.core.main.TestCaseExecutor.execute(TestCaseExecutor.java:285)&#xa;	at com.kms.katalon.core.main.TestCaseExecutor.execute(TestCaseExecutor.java:369)&#xa;	at com.kms.katalon.core.main.TestCaseExecutor.execute(TestCaseExecutor.java:369)&#xa;	at com.kms.katalon.core.main.TestCaseExecutor.execute(TestCaseExecutor.java:369)&#xa;	at com.kms.katalon.core.common.CommonExecutor.accessTestCaseMainPhase(CommonExecutor.java:65)&#xa;	at com.kms.katalon.core.main.TestSuiteExecutor.accessTestSuiteMainPhase(TestSuiteExecutor.java:148)&#xa;	at com.kms.katalon.core.main.TestSuiteExecutor.execute(TestSuiteExecutor.java:106)&#xa;	at com.kms.katalon.core.main.TestCaseMain.startTestSuite(TestCaseMain.java:180)&#xa;	at TempTestSuite1706271016351.run(TempTestSuite1706271016351.groovy:36)&#xa;	at java.base/jdk.internal.reflect.NativeMethodAccessorImpl.invoke0(Native Method)&#xa;	at java.base/jdk.internal.reflect.NativeMethodAccessorImpl.invoke(NativeMethodAccessorImpl.java:77)&#xa;	at java.base/jdk.internal.reflect.DelegatingMethodAccessorImpl.invoke(DelegatingMethodAccessorImpl.java:43)&#xa;Caused by: org.openqa.selenium.WebDriverException: Unable to parse remote response: Unknown error&#xa;	at org.openqa.selenium.remote.ProtocolHandshake.createSession(ProtocolHandshake.java:115)&#xa;	at org.openqa.selenium.remote.ProtocolHandshake.createSession(ProtocolHandshake.java:74)&#xa;	at org.openqa.selenium.remote.HttpCommandExecutor.execute(HttpCommandExecutor.java:136)&#xa;	at org.openqa.selenium.remote.service.DriverCommandExecutor.execute(DriverCommandExecutor.java:83)&#xa;	at org.openqa.selenium.remote.RemoteWebDriver.execute(RemoteWebDriver.java:552)&#xa;	at com.kms.katalon.selenium.driver.CEdgeDriver.execute(CEdgeDriver.java:20)&#xa;	at org.openqa.selenium.remote.RemoteWebDriver.startSession(RemoteWebDriver.java:213)&#xa;	at org.openqa.selenium.remote.RemoteWebDriver.&lt;init>(RemoteWebDriver.java:131)&#xa;	at org.openqa.selenium.edge.EdgeDriver.&lt;init>(EdgeDriver.java:154)&#xa;	at com.kms.katalon.selenium.driver.CEdgeDriver.&lt;init>(CEdgeDriver.java:14)&#xa;	at com.kms.katalon.core.webui.driver.DriverFactory.createNewEdgeDriver(DriverFactory.java:666)&#xa;	at com.kms.katalon.core.webui.driver.DriverFactory.startNewBrowser(DriverFactory.java:387)&#xa;	at com.kms.katalon.core.webui.driver.DriverFactory.openWebDriver(DriverFactory.java:264)&#xa;	at com.kms.katalon.core.webui.keyword.builtin.OpenBrowserKeyword$_openBrowser_closure1.doCall(OpenBrowserKeyword.groovy:74)&#xa;	at com.kms.katalon.core.webui.keyword.builtin.OpenBrowserKeyword$_openBrowser_closure1.call(OpenBrowserKeyword.groovy)&#xa;	at com.kms.katalon.core.webui.keyword.internal.WebUIKeywordMain.runKeyword(WebUIKeywordMain.groovy:20)&#xa;	at com.kms.katalon.core.webui.keyword.builtin.OpenBrowserKeyword.openBrowser(OpenBrowserKeyword.groovy:81)&#xa;	at com.kms.katalon.core.webui.keyword.builtin.OpenBrowserKeyword.execute(OpenBrowserKeyword.groovy:67)&#xa;	at com.kms.katalon.core.keyword.internal.KeywordExecutor.executeKeywordForPlatform(KeywordExecutor.groovy:74)&#xa;	at com.kms.katalon.core.webui.keyword.WebUiBuiltInKeywords.openBrowser(WebUiBuiltInKeywords.groovy:64)&#xa;	at Script1706266406498.run(Script1706266406498.groovy:20)&#xa;	... 18 more&#xa;Caused by: org.openqa.selenium.json.JsonException: Unable to determine type from: U. Last 1 characters read: U&#xa;Build info: version: '3.141.59', revision: 'e82be7d358', time: '2018-11-14T08:25:53'&#xa;System info: host: 'MUDRAGADA', ip: '192.168.1.36', os.name: 'Windows 11', os.arch: 'amd64', os.version: '10.0', java.version: '17.0.7'&#xa;Driver info: driver.version: CEdgeDriver&#xa;	at org.openqa.selenium.json.JsonInput.peek(JsonInput.java:122)&#xa;	at org.openqa.selenium.json.JsonTypeCoercer.lambda$null$6(JsonTypeCoercer.java:140)&#xa;	at org.openqa.selenium.json.JsonTypeCoercer.coerce(JsonTypeCoercer.java:126)&#xa;	at org.openqa.selenium.json.Json.toType(Json.java:69)&#xa;	at org.openqa.selenium.json.Json.toType(Json.java:55)&#xa;	at org.openqa.selenium.json.Json.toType(Json.java:50)&#xa;	at org.openqa.selenium.remote.ProtocolHandshake.createSession(ProtocolHandshake.java:112)&#xa;	at org.openqa.selenium.remote.ProtocolHandshake.createSession(ProtocolHandshake.java:74)&#xa;	at org.openqa.selenium.remote.HttpCommandExecutor.execute(HttpCommandExecutor.java:136)&#xa;	at org.openqa.selenium.remote.service.DriverCommandExecutor.execute(DriverCommandExecutor.java:83)&#xa;	at org.openqa.selenium.remote.RemoteWebDriver.execute(RemoteWebDriver.java:552)&#xa;	at com.kms.katalon.selenium.driver.CEdgeDriver.execute(CEdgeDriver.java:20)&#xa;	at org.openqa.selenium.remote.RemoteWebDriver.startSession(RemoteWebDriver.java:213)&#xa;	at org.openqa.selenium.remote.RemoteWebDriver.&lt;init>(RemoteWebDriver.java:131)&#xa;	at org.openqa.selenium.edge.EdgeDriver.&lt;init>(EdgeDriver.java:154)&#xa;	at com.kms.katalon.selenium.driver.CEdgeDriver.&lt;init>(CEdgeDriver.java:14)&#xa;	at com.kms.katalon.core.webui.driver.DriverFactory.createNewEdgeDriver(DriverFactory.java:666)&#xa;	at com.kms.katalon.core.webui.driver.DriverFactory.startNewBrowser(DriverFactory.java:387)&#xa;	at com.kms.katalon.core.webui.driver.DriverFactory.openWebDriver(DriverFactory.java:264)&#xa;	at com.kms.katalon.core.webui.keyword.builtin.OpenBrowserKeyword$_openBrowser_closure1.doCall(OpenBrowserKeyword.groovy:74)&#xa;	at com.kms.katalon.core.webui.keyword.builtin.OpenBrowserKeyword$_openBrowser_closure1.call(OpenBrowserKeyword.groovy)&#xa;	at com.kms.katalon.core.webui.keyword.internal.WebUIKeywordMain.runKeyword(WebUIKeywordMain.groovy:20)&#xa;	at com.kms.katalon.core.webui.keyword.builtin.OpenBrowserKeyword.openBrowser(OpenBrowserKeyword.groovy:81)&#xa;	at com.kms.katalon.core.webui.keyword.builtin.OpenBrowserKeyword.execute(OpenBrowserKeyword.groovy:67)&#xa;	at com.kms.katalon.core.keyword.internal.KeywordExecutor.executeKeywordForPlatform(KeywordExecutor.groovy:74)&#xa;	at com.kms.katalon.core.webui.keyword.WebUiBuiltInKeywords.openBrowser(WebUiBuiltInKeywords.groovy:64)&#xa;	at global_variable_country_tc_010.run(global_variable_country_tc_010:20)&#xa;	... 18 more&#xa;"/>
         <system-out><![CDATA[26-01-2024T17:41:07 - [TEST_CASE][FAILED] - Test Cases/variable_testcase_folder/global_variable_country_tc_010: Test Cases/variable_testcase_folder/global_variable_country_tc_010 FAILED.
Reason:
com.kms.katalon.core.exception.StepFailedException: Unable to open browser with url: ''
	at com.kms.katalon.core.webui.keyword.internal.WebUIKeywordMain.stepFailed(WebUIKeywordMain.groovy:64)
	at com.kms.katalon.core.webui.keyword.internal.WebUIKeywordMain.runKeyword(WebUIKeywordMain.groovy:26)
	at com.kms.katalon.core.webui.keyword.builtin.OpenBrowserKeyword.openBrowser(OpenBrowserKeyword.groovy:81)
	at com.kms.katalon.core.webui.keyword.builtin.OpenBrowserKeyword.execute(OpenBrowserKeyword.groovy:67)
	at com.kms.katalon.core.keyword.internal.KeywordExecutor.executeKeywordForPlatform(KeywordExecutor.groovy:74)
	at com.kms.katalon.core.webui.keyword.WebUiBuiltInKeywords.openBrowser(WebUiBuiltInKeywords.groovy:64)
	at global_variable_country_tc_010.run(global_variable_country_tc_010:20)
	at com.kms.katalon.core.main.ScriptEngine.run(ScriptEngine.java:194)
	at com.kms.katalon.core.main.ScriptEngine.runScriptAsRawText(ScriptEngine.java:119)
	at com.kms.katalon.core.main.TestCaseExecutor.runScript(TestCaseExecutor.java:448)
	at com.kms.katalon.core.main.TestCaseExecutor.doExecute(TestCaseExecutor.java:439)
	at com.kms.katalon.core.main.TestCaseExecutor.processExecutionPhase(TestCaseExecutor.java:418)
	at com.kms.katalon.core.main.TestCaseExecutor.accessMainPhase(TestCaseExecutor.java:410)
	at com.kms.katalon.core.main.TestCaseExecutor.execute(TestCaseExecutor.java:285)
	at com.kms.katalon.core.main.TestCaseExecutor.execute(TestCaseExecutor.java:369)
	at com.kms.katalon.core.main.TestCaseExecutor.execute(TestCaseExecutor.java:369)
	at com.kms.katalon.core.main.TestCaseExecutor.execute(TestCaseExecutor.java:369)
	at com.kms.katalon.core.common.CommonExecutor.accessTestCaseMainPhase(CommonExecutor.java:65)
	at com.kms.katalon.core.main.TestSuiteExecutor.accessTestSuiteMainPhase(TestSuiteExecutor.java:148)
	at com.kms.katalon.core.main.TestSuiteExecutor.execute(TestSuiteExecutor.java:106)
	at com.kms.katalon.core.main.TestCaseMain.startTestSuite(TestCaseMain.java:180)
	at TempTestSuite1706271016351.run(TempTestSuite1706271016351.groovy:36)
	at java.base/jdk.internal.reflect.NativeMethodAccessorImpl.invoke0(Native Method)
	at java.base/jdk.internal.reflect.NativeMethodAccessorImpl.invoke(NativeMethodAccessorImpl.java:77)
	at java.base/jdk.internal.reflect.DelegatingMethodAccessorImpl.invoke(DelegatingMethodAccessorImpl.java:43)
Caused by: org.openqa.selenium.WebDriverException: Unable to parse remote response: Unknown error
	at org.openqa.selenium.remote.ProtocolHandshake.createSession(ProtocolHandshake.java:115)
	at org.openqa.selenium.remote.ProtocolHandshake.createSession(ProtocolHandshake.java:74)
	at org.openqa.selenium.remote.HttpCommandExecutor.execute(HttpCommandExecutor.java:136)
	at org.openqa.selenium.remote.service.DriverCommandExecutor.execute(DriverCommandExecutor.java:83)
	at org.openqa.selenium.remote.RemoteWebDriver.execute(RemoteWebDriver.java:552)
	at com.kms.katalon.selenium.driver.CEdgeDriver.execute(CEdgeDriver.java:20)
	at org.openqa.selenium.remote.RemoteWebDriver.startSession(RemoteWebDriver.java:213)
	at org.openqa.selenium.remote.RemoteWebDriver.<init>(RemoteWebDriver.java:131)
	at org.openqa.selenium.edge.EdgeDriver.<init>(EdgeDriver.java:154)
	at com.kms.katalon.selenium.driver.CEdgeDriver.<init>(CEdgeDriver.java:14)
	at com.kms.katalon.core.webui.driver.DriverFactory.createNewEdgeDriver(DriverFactory.java:666)
	at com.kms.katalon.core.webui.driver.DriverFactory.startNewBrowser(DriverFactory.java:387)
	at com.kms.katalon.core.webui.driver.DriverFactory.openWebDriver(DriverFactory.java:264)
	at com.kms.katalon.core.webui.keyword.builtin.OpenBrowserKeyword$_openBrowser_closure1.doCall(OpenBrowserKeyword.groovy:74)
	at com.kms.katalon.core.webui.keyword.builtin.OpenBrowserKeyword$_openBrowser_closure1.call(OpenBrowserKeyword.groovy)
	at com.kms.katalon.core.webui.keyword.internal.WebUIKeywordMain.runKeyword(WebUIKeywordMain.groovy:20)
	at com.kms.katalon.core.webui.keyword.builtin.OpenBrowserKeyword.openBrowser(OpenBrowserKeyword.groovy:81)
	at com.kms.katalon.core.webui.keyword.builtin.OpenBrowserKeyword.execute(OpenBrowserKeyword.groovy:67)
	at com.kms.katalon.core.keyword.internal.KeywordExecutor.executeKeywordForPlatform(KeywordExecutor.groovy:74)
	at com.kms.katalon.core.webui.keyword.WebUiBuiltInKeywords.openBrowser(WebUiBuiltInKeywords.groovy:64)
	at Script1706266406498.run(Script1706266406498.groovy:20)
	... 18 more
Caused by: org.openqa.selenium.json.JsonException: Unable to determine type from: U. Last 1 characters read: U
Build info: version: '3.141.59', revision: 'e82be7d358', time: '2018-11-14T08:25:53'
System info: host: 'MUDRAGADA', ip: '192.168.1.36', os.name: 'Windows 11', os.arch: 'amd64', os.version: '10.0', java.version: '17.0.7'
Driver info: driver.version: CEdgeDriver
	at org.openqa.selenium.json.JsonInput.peek(JsonInput.java:122)
	at org.openqa.selenium.json.JsonTypeCoercer.lambda$null$6(JsonTypeCoercer.java:140)
	at org.openqa.selenium.json.JsonTypeCoercer.coerce(JsonTypeCoercer.java:126)
	at org.openqa.selenium.json.Json.toType(Json.java:69)
	at org.openqa.selenium.json.Json.toType(Json.java:55)
	at org.openqa.selenium.json.Json.toType(Json.java:50)
	at org.openqa.selenium.remote.ProtocolHandshake.createSession(ProtocolHandshake.java:112)
	at org.openqa.selenium.remote.ProtocolHandshake.createSession(ProtocolHandshake.java:74)
	at org.openqa.selenium.remote.HttpCommandExecutor.execute(HttpCommandExecutor.java:136)
	at org.openqa.selenium.remote.service.DriverCommandExecutor.execute(DriverCommandExecutor.java:83)
	at org.openqa.selenium.remote.RemoteWebDriver.execute(RemoteWebDriver.java:552)
	at com.kms.katalon.selenium.driver.CEdgeDriver.execute(CEdgeDriver.java:20)
	at org.openqa.selenium.remote.RemoteWebDriver.startSession(RemoteWebDriver.java:213)
	at org.openqa.selenium.remote.RemoteWebDriver.<init>(RemoteWebDriver.java:131)
	at org.openqa.selenium.edge.EdgeDriver.<init>(EdgeDriver.java:154)
	at com.kms.katalon.selenium.driver.CEdgeDriver.<init>(CEdgeDriver.java:14)
	at com.kms.katalon.core.webui.driver.DriverFactory.createNewEdgeDriver(DriverFactory.java:666)
	at com.kms.katalon.core.webui.driver.DriverFactory.startNewBrowser(DriverFactory.java:387)
	at com.kms.katalon.core.webui.driver.DriverFactory.openWebDriver(DriverFactory.java:264)
	at com.kms.katalon.core.webui.keyword.builtin.OpenBrowserKeyword$_openBrowser_closure1.doCall(OpenBrowserKeyword.groovy:74)
	at com.kms.katalon.core.webui.keyword.builtin.OpenBrowserKeyword$_openBrowser_closure1.call(OpenBrowserKeyword.groovy)
	at com.kms.katalon.core.webui.keyword.internal.WebUIKeywordMain.runKeyword(WebUIKeywordMain.groovy:20)
	at com.kms.katalon.core.webui.keyword.builtin.OpenBrowserKeyword.openBrowser(OpenBrowserKeyword.groovy:81)
	at com.kms.katalon.core.webui.keyword.builtin.OpenBrowserKeyword.execute(OpenBrowserKeyword.groovy:67)
	at com.kms.katalon.core.keyword.internal.KeywordExecutor.executeKeywordForPlatform(KeywordExecutor.groovy:74)
	at com.kms.katalon.core.webui.keyword.WebUiBuiltInKeywords.openBrowser(WebUiBuiltInKeywords.groovy:64)
	at global_variable_country_tc_010.run(global_variable_country_tc_010:20)
	... 18 more


26-01-2024T17:41:07 - [TEST_STEP][FAILED] - openBrowser(""): Unable to open browser with url: '' (Root cause: com.kms.katalon.core.exception.StepFailedException: Unable to open browser with url: ''
	at com.kms.katalon.core.webui.keyword.internal.WebUIKeywordMain.stepFailed(WebUIKeywordMain.groovy:64)
	at com.kms.katalon.core.webui.keyword.internal.WebUIKeywordMain.runKeyword(WebUIKeywordMain.groovy:26)
	at com.kms.katalon.core.webui.keyword.builtin.OpenBrowserKeyword.openBrowser(OpenBrowserKeyword.groovy:81)
	at com.kms.katalon.core.webui.keyword.builtin.OpenBrowserKeyword.execute(OpenBrowserKeyword.groovy:67)
	at com.kms.katalon.core.keyword.internal.KeywordExecutor.executeKeywordForPlatform(KeywordExecutor.groovy:74)
	at com.kms.katalon.core.webui.keyword.WebUiBuiltInKeywords.openBrowser(WebUiBuiltInKeywords.groovy:64)
	at global_variable_country_tc_010.run(global_variable_country_tc_010:20)
	at com.kms.katalon.core.main.ScriptEngine.run(ScriptEngine.java:194)
	at com.kms.katalon.core.main.ScriptEngine.runScriptAsRawText(ScriptEngine.java:119)
	at com.kms.katalon.core.main.TestCaseExecutor.runScript(TestCaseExecutor.java:448)
	at com.kms.katalon.core.main.TestCaseExecutor.doExecute(TestCaseExecutor.java:439)
	at com.kms.katalon.core.main.TestCaseExecutor.processExecutionPhase(TestCaseExecutor.java:418)
	at com.kms.katalon.core.main.TestCaseExecutor.accessMainPhase(TestCaseExecutor.java:410)
	at com.kms.katalon.core.main.TestCaseExecutor.execute(TestCaseExecutor.java:285)
	at com.kms.katalon.core.main.TestCaseExecutor.execute(TestCaseExecutor.java:369)
	at com.kms.katalon.core.main.TestCaseExecutor.execute(TestCaseExecutor.java:369)
	at com.kms.katalon.core.main.TestCaseExecutor.execute(TestCaseExecutor.java:369)
	at com.kms.katalon.core.common.CommonExecutor.accessTestCaseMainPhase(CommonExecutor.java:65)
	at com.kms.katalon.core.main.TestSuiteExecutor.accessTestSuiteMainPhase(TestSuiteExecutor.java:148)
	at com.kms.katalon.core.main.TestSuiteExecutor.execute(TestSuiteExecutor.java:106)
	at com.kms.katalon.core.main.TestCaseMain.startTestSuite(TestCaseMain.java:180)
	at TempTestSuite1706271016351.run(TempTestSuite1706271016351.groovy:36)
	at java.base/jdk.internal.reflect.NativeMethodAccessorImpl.invoke0(Native Method)
	at java.base/jdk.internal.reflect.NativeMethodAccessorImpl.invoke(NativeMethodAccessorImpl.java:77)
	at java.base/jdk.internal.reflect.DelegatingMethodAccessorImpl.invoke(DelegatingMethodAccessorImpl.java:43)
Caused by: org.openqa.selenium.WebDriverException: Unable to parse remote response: Unknown error
	at org.openqa.selenium.remote.ProtocolHandshake.createSession(ProtocolHandshake.java:115)
	at org.openqa.selenium.remote.ProtocolHandshake.createSession(ProtocolHandshake.java:74)
	at org.openqa.selenium.remote.HttpCommandExecutor.execute(HttpCommandExecutor.java:136)
	at org.openqa.selenium.remote.service.DriverCommandExecutor.execute(DriverCommandExecutor.java:83)
	at org.openqa.selenium.remote.RemoteWebDriver.execute(RemoteWebDriver.java:552)
	at com.kms.katalon.selenium.driver.CEdgeDriver.execute(CEdgeDriver.java:20)
	at org.openqa.selenium.remote.RemoteWebDriver.startSession(RemoteWebDriver.java:213)
	at org.openqa.selenium.remote.RemoteWebDriver.<init>(RemoteWebDriver.java:131)
	at org.openqa.selenium.edge.EdgeDriver.<init>(EdgeDriver.java:154)
	at com.kms.katalon.selenium.driver.CEdgeDriver.<init>(CEdgeDriver.java:14)
	at com.kms.katalon.core.webui.driver.DriverFactory.createNewEdgeDriver(DriverFactory.java:666)
	at com.kms.katalon.core.webui.driver.DriverFactory.startNewBrowser(DriverFactory.java:387)
	at com.kms.katalon.core.webui.driver.DriverFactory.openWebDriver(DriverFactory.java:264)
	at com.kms.katalon.core.webui.keyword.builtin.OpenBrowserKeyword$_openBrowser_closure1.doCall(OpenBrowserKeyword.groovy:74)
	at com.kms.katalon.core.webui.keyword.builtin.OpenBrowserKeyword$_openBrowser_closure1.call(OpenBrowserKeyword.groovy)
	at com.kms.katalon.core.webui.keyword.internal.WebUIKeywordMain.runKeyword(WebUIKeywordMain.groovy:20)
	at com.kms.katalon.core.webui.keyword.builtin.OpenBrowserKeyword.openBrowser(OpenBrowserKeyword.groovy:81)
	at com.kms.katalon.core.webui.keyword.builtin.OpenBrowserKeyword.execute(OpenBrowserKeyword.groovy:67)
	at com.kms.katalon.core.keyword.internal.KeywordExecutor.executeKeywordForPlatform(KeywordExecutor.groovy:74)
	at com.kms.katalon.core.webui.keyword.WebUiBuiltInKeywords.openBrowser(WebUiBuiltInKeywords.groovy:64)
	at Script1706266406498.run(Script1706266406498.groovy:20)
	... 18 more
Caused by: org.openqa.selenium.json.JsonException: Unable to determine type from: U. Last 1 characters read: U
Build info: version: '3.141.59', revision: 'e82be7d358', time: '2018-11-14T08:25:53'
System info: host: 'MUDRAGADA', ip: '192.168.1.36', os.name: 'Windows 11', os.arch: 'amd64', os.version: '10.0', java.version: '17.0.7'
Driver info: driver.version: CEdgeDriver
	at org.openqa.selenium.json.JsonInput.peek(JsonInput.java:122)
	at org.openqa.selenium.json.JsonTypeCoercer.lambda$null$6(JsonTypeCoercer.java:140)
	at org.openqa.selenium.json.JsonTypeCoercer.coerce(JsonTypeCoercer.java:126)
	at org.openqa.selenium.json.Json.toType(Json.java:69)
	at org.openqa.selenium.json.Json.toType(Json.java:55)
	at org.openqa.selenium.json.Json.toType(Json.java:50)
	at org.openqa.selenium.remote.ProtocolHandshake.createSession(ProtocolHandshake.java:112)
	... 38 more
)

26-01-2024T17:41:07 - [MESSAGE][INFO] - Starting 'Edge' driver

26-01-2024T17:41:07 - [MESSAGE][INFO] - Action delay is set to 0 milliseconds

26-01-2024T17:41:08 - [MESSAGE][FAILED] - Unable to open browser with url: '' (Root cause: com.kms.katalon.core.exception.StepFailedException: Unable to open browser with url: ''
	at com.kms.katalon.core.webui.keyword.internal.WebUIKeywordMain.stepFailed(WebUIKeywordMain.groovy:64)
	at com.kms.katalon.core.webui.keyword.internal.WebUIKeywordMain.runKeyword(WebUIKeywordMain.groovy:26)
	at com.kms.katalon.core.webui.keyword.builtin.OpenBrowserKeyword.openBrowser(OpenBrowserKeyword.groovy:81)
	at com.kms.katalon.core.webui.keyword.builtin.OpenBrowserKeyword.execute(OpenBrowserKeyword.groovy:67)
	at com.kms.katalon.core.keyword.internal.KeywordExecutor.executeKeywordForPlatform(KeywordExecutor.groovy:74)
	at com.kms.katalon.core.webui.keyword.WebUiBuiltInKeywords.openBrowser(WebUiBuiltInKeywords.groovy:64)
	at global_variable_country_tc_010.run(global_variable_country_tc_010:20)
	at com.kms.katalon.core.main.ScriptEngine.run(ScriptEngine.java:194)
	at com.kms.katalon.core.main.ScriptEngine.runScriptAsRawText(ScriptEngine.java:119)
	at com.kms.katalon.core.main.TestCaseExecutor.runScript(TestCaseExecutor.java:448)
	at com.kms.katalon.core.main.TestCaseExecutor.doExecute(TestCaseExecutor.java:439)
	at com.kms.katalon.core.main.TestCaseExecutor.processExecutionPhase(TestCaseExecutor.java:418)
	at com.kms.katalon.core.main.TestCaseExecutor.accessMainPhase(TestCaseExecutor.java:410)
	at com.kms.katalon.core.main.TestCaseExecutor.execute(TestCaseExecutor.java:285)
	at com.kms.katalon.core.main.TestCaseExecutor.execute(TestCaseExecutor.java:369)
	at com.kms.katalon.core.main.TestCaseExecutor.execute(TestCaseExecutor.java:369)
	at com.kms.katalon.core.main.TestCaseExecutor.execute(TestCaseExecutor.java:369)
	at com.kms.katalon.core.common.CommonExecutor.accessTestCaseMainPhase(CommonExecutor.java:65)
	at com.kms.katalon.core.main.TestSuiteExecutor.accessTestSuiteMainPhase(TestSuiteExecutor.java:148)
	at com.kms.katalon.core.main.TestSuiteExecutor.execute(TestSuiteExecutor.java:106)
	at com.kms.katalon.core.main.TestCaseMain.startTestSuite(TestCaseMain.java:180)
	at TempTestSuite1706271016351.run(TempTestSuite1706271016351.groovy:36)
	at java.base/jdk.internal.reflect.NativeMethodAccessorImpl.invoke0(Native Method)
	at java.base/jdk.internal.reflect.NativeMethodAccessorImpl.invoke(NativeMethodAccessorImpl.java:77)
	at java.base/jdk.internal.reflect.DelegatingMethodAccessorImpl.invoke(DelegatingMethodAccessorImpl.java:43)
Caused by: org.openqa.selenium.WebDriverException: Unable to parse remote response: Unknown error
	at org.openqa.selenium.remote.ProtocolHandshake.createSession(ProtocolHandshake.java:115)
	at org.openqa.selenium.remote.ProtocolHandshake.createSession(ProtocolHandshake.java:74)
	at org.openqa.selenium.remote.HttpCommandExecutor.execute(HttpCommandExecutor.java:136)
	at org.openqa.selenium.remote.service.DriverCommandExecutor.execute(DriverCommandExecutor.java:83)
	at org.openqa.selenium.remote.RemoteWebDriver.execute(RemoteWebDriver.java:552)
	at com.kms.katalon.selenium.driver.CEdgeDriver.execute(CEdgeDriver.java:20)
	at org.openqa.selenium.remote.RemoteWebDriver.startSession(RemoteWebDriver.java:213)
	at org.openqa.selenium.remote.RemoteWebDriver.<init>(RemoteWebDriver.java:131)
	at org.openqa.selenium.edge.EdgeDriver.<init>(EdgeDriver.java:154)
	at com.kms.katalon.selenium.driver.CEdgeDriver.<init>(CEdgeDriver.java:14)
	at com.kms.katalon.core.webui.driver.DriverFactory.createNewEdgeDriver(DriverFactory.java:666)
	at com.kms.katalon.core.webui.driver.DriverFactory.startNewBrowser(DriverFactory.java:387)
	at com.kms.katalon.core.webui.driver.DriverFactory.openWebDriver(DriverFactory.java:264)
	at com.kms.katalon.core.webui.keyword.builtin.OpenBrowserKeyword$_openBrowser_closure1.doCall(OpenBrowserKeyword.groovy:74)
	at com.kms.katalon.core.webui.keyword.builtin.OpenBrowserKeyword$_openBrowser_closure1.call(OpenBrowserKeyword.groovy)
	at com.kms.katalon.core.webui.keyword.internal.WebUIKeywordMain.runKeyword(WebUIKeywordMain.groovy:20)
	at com.kms.katalon.core.webui.keyword.builtin.OpenBrowserKeyword.openBrowser(OpenBrowserKeyword.groovy:81)
	at com.kms.katalon.core.webui.keyword.builtin.OpenBrowserKeyword.execute(OpenBrowserKeyword.groovy:67)
	at com.kms.katalon.core.keyword.internal.KeywordExecutor.executeKeywordForPlatform(KeywordExecutor.groovy:74)
	at com.kms.katalon.core.webui.keyword.WebUiBuiltInKeywords.openBrowser(WebUiBuiltInKeywords.groovy:64)
	at Script1706266406498.run(Script1706266406498.groovy:20)
	... 18 more
Caused by: org.openqa.selenium.json.JsonException: Unable to determine type from: U. Last 1 characters read: U
Build info: version: '3.141.59', revision: 'e82be7d358', time: '2018-11-14T08:25:53'
System info: host: 'MUDRAGADA', ip: '192.168.1.36', os.name: 'Windows 11', os.arch: 'amd64', os.version: '10.0', java.version: '17.0.7'
Driver info: driver.version: CEdgeDriver
	at org.openqa.selenium.json.JsonInput.peek(JsonInput.java:122)
	at org.openqa.selenium.json.JsonTypeCoercer.lambda$null$6(JsonTypeCoercer.java:140)
	at org.openqa.selenium.json.JsonTypeCoercer.coerce(JsonTypeCoercer.java:126)
	at org.openqa.selenium.json.Json.toType(Json.java:69)
	at org.openqa.selenium.json.Json.toType(Json.java:55)
	at org.openqa.selenium.json.Json.toType(Json.java:50)
	at org.openqa.selenium.remote.ProtocolHandshake.createSession(ProtocolHandshake.java:112)
	... 38 more
)]]></system-out>
         <system-err><![CDATA[26-01-2024T17:41:07 - [TEST_CASE][FAILED] - Test Cases/variable_testcase_folder/global_variable_country_tc_010: Test Cases/variable_testcase_folder/global_variable_country_tc_010 FAILED.
Reason:
com.kms.katalon.core.exception.StepFailedException: Unable to open browser with url: ''
	at com.kms.katalon.core.webui.keyword.internal.WebUIKeywordMain.stepFailed(WebUIKeywordMain.groovy:64)
	at com.kms.katalon.core.webui.keyword.internal.WebUIKeywordMain.runKeyword(WebUIKeywordMain.groovy:26)
	at com.kms.katalon.core.webui.keyword.builtin.OpenBrowserKeyword.openBrowser(OpenBrowserKeyword.groovy:81)
	at com.kms.katalon.core.webui.keyword.builtin.OpenBrowserKeyword.execute(OpenBrowserKeyword.groovy:67)
	at com.kms.katalon.core.keyword.internal.KeywordExecutor.executeKeywordForPlatform(KeywordExecutor.groovy:74)
	at com.kms.katalon.core.webui.keyword.WebUiBuiltInKeywords.openBrowser(WebUiBuiltInKeywords.groovy:64)
	at global_variable_country_tc_010.run(global_variable_country_tc_010:20)
	at com.kms.katalon.core.main.ScriptEngine.run(ScriptEngine.java:194)
	at com.kms.katalon.core.main.ScriptEngine.runScriptAsRawText(ScriptEngine.java:119)
	at com.kms.katalon.core.main.TestCaseExecutor.runScript(TestCaseExecutor.java:448)
	at com.kms.katalon.core.main.TestCaseExecutor.doExecute(TestCaseExecutor.java:439)
	at com.kms.katalon.core.main.TestCaseExecutor.processExecutionPhase(TestCaseExecutor.java:418)
	at com.kms.katalon.core.main.TestCaseExecutor.accessMainPhase(TestCaseExecutor.java:410)
	at com.kms.katalon.core.main.TestCaseExecutor.execute(TestCaseExecutor.java:285)
	at com.kms.katalon.core.main.TestCaseExecutor.execute(TestCaseExecutor.java:369)
	at com.kms.katalon.core.main.TestCaseExecutor.execute(TestCaseExecutor.java:369)
	at com.kms.katalon.core.main.TestCaseExecutor.execute(TestCaseExecutor.java:369)
	at com.kms.katalon.core.common.CommonExecutor.accessTestCaseMainPhase(CommonExecutor.java:65)
	at com.kms.katalon.core.main.TestSuiteExecutor.accessTestSuiteMainPhase(TestSuiteExecutor.java:148)
	at com.kms.katalon.core.main.TestSuiteExecutor.execute(TestSuiteExecutor.java:106)
	at com.kms.katalon.core.main.TestCaseMain.startTestSuite(TestCaseMain.java:180)
	at TempTestSuite1706271016351.run(TempTestSuite1706271016351.groovy:36)
	at java.base/jdk.internal.reflect.NativeMethodAccessorImpl.invoke0(Native Method)
	at java.base/jdk.internal.reflect.NativeMethodAccessorImpl.invoke(NativeMethodAccessorImpl.java:77)
	at java.base/jdk.internal.reflect.DelegatingMethodAccessorImpl.invoke(DelegatingMethodAccessorImpl.java:43)
Caused by: org.openqa.selenium.WebDriverException: Unable to parse remote response: Unknown error
	at org.openqa.selenium.remote.ProtocolHandshake.createSession(ProtocolHandshake.java:115)
	at org.openqa.selenium.remote.ProtocolHandshake.createSession(ProtocolHandshake.java:74)
	at org.openqa.selenium.remote.HttpCommandExecutor.execute(HttpCommandExecutor.java:136)
	at org.openqa.selenium.remote.service.DriverCommandExecutor.execute(DriverCommandExecutor.java:83)
	at org.openqa.selenium.remote.RemoteWebDriver.execute(RemoteWebDriver.java:552)
	at com.kms.katalon.selenium.driver.CEdgeDriver.execute(CEdgeDriver.java:20)
	at org.openqa.selenium.remote.RemoteWebDriver.startSession(RemoteWebDriver.java:213)
	at org.openqa.selenium.remote.RemoteWebDriver.<init>(RemoteWebDriver.java:131)
	at org.openqa.selenium.edge.EdgeDriver.<init>(EdgeDriver.java:154)
	at com.kms.katalon.selenium.driver.CEdgeDriver.<init>(CEdgeDriver.java:14)
	at com.kms.katalon.core.webui.driver.DriverFactory.createNewEdgeDriver(DriverFactory.java:666)
	at com.kms.katalon.core.webui.driver.DriverFactory.startNewBrowser(DriverFactory.java:387)
	at com.kms.katalon.core.webui.driver.DriverFactory.openWebDriver(DriverFactory.java:264)
	at com.kms.katalon.core.webui.keyword.builtin.OpenBrowserKeyword$_openBrowser_closure1.doCall(OpenBrowserKeyword.groovy:74)
	at com.kms.katalon.core.webui.keyword.builtin.OpenBrowserKeyword$_openBrowser_closure1.call(OpenBrowserKeyword.groovy)
	at com.kms.katalon.core.webui.keyword.internal.WebUIKeywordMain.runKeyword(WebUIKeywordMain.groovy:20)
	at com.kms.katalon.core.webui.keyword.builtin.OpenBrowserKeyword.openBrowser(OpenBrowserKeyword.groovy:81)
	at com.kms.katalon.core.webui.keyword.builtin.OpenBrowserKeyword.execute(OpenBrowserKeyword.groovy:67)
	at com.kms.katalon.core.keyword.internal.KeywordExecutor.executeKeywordForPlatform(KeywordExecutor.groovy:74)
	at com.kms.katalon.core.webui.keyword.WebUiBuiltInKeywords.openBrowser(WebUiBuiltInKeywords.groovy:64)
	at Script1706266406498.run(Script1706266406498.groovy:20)
	... 18 more
Caused by: org.openqa.selenium.json.JsonException: Unable to determine type from: U. Last 1 characters read: U
Build info: version: '3.141.59', revision: 'e82be7d358', time: '2018-11-14T08:25:53'
System info: host: 'MUDRAGADA', ip: '192.168.1.36', os.name: 'Windows 11', os.arch: 'amd64', os.version: '10.0', java.version: '17.0.7'
Driver info: driver.version: CEdgeDriver
	at org.openqa.selenium.json.JsonInput.peek(JsonInput.java:122)
	at org.openqa.selenium.json.JsonTypeCoercer.lambda$null$6(JsonTypeCoercer.java:140)
	at org.openqa.selenium.json.JsonTypeCoercer.coerce(JsonTypeCoercer.java:126)
	at org.openqa.selenium.json.Json.toType(Json.java:69)
	at org.openqa.selenium.json.Json.toType(Json.java:55)
	at org.openqa.selenium.json.Json.toType(Json.java:50)
	at org.openqa.selenium.remote.ProtocolHandshake.createSession(ProtocolHandshake.java:112)
	at org.openqa.selenium.remote.ProtocolHandshake.createSession(ProtocolHandshake.java:74)
	at org.openqa.selenium.remote.HttpCommandExecutor.execute(HttpCommandExecutor.java:136)
	at org.openqa.selenium.remote.service.DriverCommandExecutor.execute(DriverCommandExecutor.java:83)
	at org.openqa.selenium.remote.RemoteWebDriver.execute(RemoteWebDriver.java:552)
	at com.kms.katalon.selenium.driver.CEdgeDriver.execute(CEdgeDriver.java:20)
	at org.openqa.selenium.remote.RemoteWebDriver.startSession(RemoteWebDriver.java:213)
	at org.openqa.selenium.remote.RemoteWebDriver.<init>(RemoteWebDriver.java:131)
	at org.openqa.selenium.edge.EdgeDriver.<init>(EdgeDriver.java:154)
	at com.kms.katalon.selenium.driver.CEdgeDriver.<init>(CEdgeDriver.java:14)
	at com.kms.katalon.core.webui.driver.DriverFactory.createNewEdgeDriver(DriverFactory.java:666)
	at com.kms.katalon.core.webui.driver.DriverFactory.startNewBrowser(DriverFactory.java:387)
	at com.kms.katalon.core.webui.driver.DriverFactory.openWebDriver(DriverFactory.java:264)
	at com.kms.katalon.core.webui.keyword.builtin.OpenBrowserKeyword$_openBrowser_closure1.doCall(OpenBrowserKeyword.groovy:74)
	at com.kms.katalon.core.webui.keyword.builtin.OpenBrowserKeyword$_openBrowser_closure1.call(OpenBrowserKeyword.groovy)
	at com.kms.katalon.core.webui.keyword.internal.WebUIKeywordMain.runKeyword(WebUIKeywordMain.groovy:20)
	at com.kms.katalon.core.webui.keyword.builtin.OpenBrowserKeyword.openBrowser(OpenBrowserKeyword.groovy:81)
	at com.kms.katalon.core.webui.keyword.builtin.OpenBrowserKeyword.execute(OpenBrowserKeyword.groovy:67)
	at com.kms.katalon.core.keyword.internal.KeywordExecutor.executeKeywordForPlatform(KeywordExecutor.groovy:74)
	at com.kms.katalon.core.webui.keyword.WebUiBuiltInKeywords.openBrowser(WebUiBuiltInKeywords.groovy:64)
	at global_variable_country_tc_010.run(global_variable_country_tc_010:20)
	... 18 more]]></system-err>
      </testcase>
      <testcase name="Test Cases/variable_testcase_folder/global_variable_country_tc_010" time="0.334" classname="Test Cases/variable_testcase_folder/global_variable_country_tc_010" status="FAILED">
         <failure type="FAILED" message="Test Cases/variable_testcase_folder/global_variable_country_tc_010 FAILED.&#xa;Reason:&#xa;com.kms.katalon.core.exception.StepFailedException: Unable to open browser with url: ''&#xa;	at com.kms.katalon.core.webui.keyword.internal.WebUIKeywordMain.stepFailed(WebUIKeywordMain.groovy:64)&#xa;	at com.kms.katalon.core.webui.keyword.internal.WebUIKeywordMain.runKeyword(WebUIKeywordMain.groovy:26)&#xa;	at com.kms.katalon.core.webui.keyword.builtin.OpenBrowserKeyword.openBrowser(OpenBrowserKeyword.groovy:81)&#xa;	at com.kms.katalon.core.webui.keyword.builtin.OpenBrowserKeyword.execute(OpenBrowserKeyword.groovy:67)&#xa;	at com.kms.katalon.core.keyword.internal.KeywordExecutor.executeKeywordForPlatform(KeywordExecutor.groovy:74)&#xa;	at com.kms.katalon.core.webui.keyword.WebUiBuiltInKeywords.openBrowser(WebUiBuiltInKeywords.groovy:64)&#xa;	at global_variable_country_tc_010.run(global_variable_country_tc_010:20)&#xa;	at com.kms.katalon.core.main.ScriptEngine.run(ScriptEngine.java:194)&#xa;	at com.kms.katalon.core.main.ScriptEngine.runScriptAsRawText(ScriptEngine.java:119)&#xa;	at com.kms.katalon.core.main.TestCaseExecutor.runScript(TestCaseExecutor.java:448)&#xa;	at com.kms.katalon.core.main.TestCaseExecutor.doExecute(TestCaseExecutor.java:439)&#xa;	at com.kms.katalon.core.main.TestCaseExecutor.processExecutionPhase(TestCaseExecutor.java:418)&#xa;	at com.kms.katalon.core.main.TestCaseExecutor.accessMainPhase(TestCaseExecutor.java:410)&#xa;	at com.kms.katalon.core.main.TestCaseExecutor.execute(TestCaseExecutor.java:285)&#xa;	at com.kms.katalon.core.main.TestCaseExecutor.execute(TestCaseExecutor.java:369)&#xa;	at com.kms.katalon.core.main.TestCaseExecutor.execute(TestCaseExecutor.java:369)&#xa;	at com.kms.katalon.core.main.TestCaseExecutor.execute(TestCaseExecutor.java:369)&#xa;	at com.kms.katalon.core.common.CommonExecutor.accessTestCaseMainPhase(CommonExecutor.java:65)&#xa;	at com.kms.katalon.core.main.TestSuiteExecutor.accessTestSuiteMainPhase(TestSuiteExecutor.java:148)&#xa;	at com.kms.katalon.core.main.TestSuiteExecutor.execute(TestSuiteExecutor.java:106)&#xa;	at com.kms.katalon.core.main.TestCaseMain.startTestSuite(TestCaseMain.java:180)&#xa;	at TempTestSuite1706271016351.run(TempTestSuite1706271016351.groovy:36)&#xa;	at java.base/jdk.internal.reflect.NativeMethodAccessorImpl.invoke0(Native Method)&#xa;	at java.base/jdk.internal.reflect.NativeMethodAccessorImpl.invoke(NativeMethodAccessorImpl.java:77)&#xa;	at java.base/jdk.internal.reflect.DelegatingMethodAccessorImpl.invoke(DelegatingMethodAccessorImpl.java:43)&#xa;Caused by: org.openqa.selenium.WebDriverException: Unable to parse remote response: Unknown error&#xa;	at org.openqa.selenium.remote.ProtocolHandshake.createSession(ProtocolHandshake.java:115)&#xa;	at org.openqa.selenium.remote.ProtocolHandshake.createSession(ProtocolHandshake.java:74)&#xa;	at org.openqa.selenium.remote.HttpCommandExecutor.execute(HttpCommandExecutor.java:136)&#xa;	at org.openqa.selenium.remote.service.DriverCommandExecutor.execute(DriverCommandExecutor.java:83)&#xa;	at org.openqa.selenium.remote.RemoteWebDriver.execute(RemoteWebDriver.java:552)&#xa;	at com.kms.katalon.selenium.driver.CEdgeDriver.execute(CEdgeDriver.java:20)&#xa;	at org.openqa.selenium.remote.RemoteWebDriver.startSession(RemoteWebDriver.java:213)&#xa;	at org.openqa.selenium.remote.RemoteWebDriver.&lt;init>(RemoteWebDriver.java:131)&#xa;	at org.openqa.selenium.edge.EdgeDriver.&lt;init>(EdgeDriver.java:154)&#xa;	at com.kms.katalon.selenium.driver.CEdgeDriver.&lt;init>(CEdgeDriver.java:14)&#xa;	at com.kms.katalon.core.webui.driver.DriverFactory.createNewEdgeDriver(DriverFactory.java:666)&#xa;	at com.kms.katalon.core.webui.driver.DriverFactory.startNewBrowser(DriverFactory.java:387)&#xa;	at com.kms.katalon.core.webui.driver.DriverFactory.openWebDriver(DriverFactory.java:264)&#xa;	at com.kms.katalon.core.webui.keyword.builtin.OpenBrowserKeyword$_openBrowser_closure1.doCall(OpenBrowserKeyword.groovy:74)&#xa;	at com.kms.katalon.core.webui.keyword.builtin.OpenBrowserKeyword$_openBrowser_closure1.call(OpenBrowserKeyword.groovy)&#xa;	at com.kms.katalon.core.webui.keyword.internal.WebUIKeywordMain.runKeyword(WebUIKeywordMain.groovy:20)&#xa;	at com.kms.katalon.core.webui.keyword.builtin.OpenBrowserKeyword.openBrowser(OpenBrowserKeyword.groovy:81)&#xa;	at com.kms.katalon.core.webui.keyword.builtin.OpenBrowserKeyword.execute(OpenBrowserKeyword.groovy:67)&#xa;	at com.kms.katalon.core.keyword.internal.KeywordExecutor.executeKeywordForPlatform(KeywordExecutor.groovy:74)&#xa;	at com.kms.katalon.core.webui.keyword.WebUiBuiltInKeywords.openBrowser(WebUiBuiltInKeywords.groovy:64)&#xa;	at Script1706266406498.run(Script1706266406498.groovy:20)&#xa;	... 18 more&#xa;Caused by: org.openqa.selenium.json.JsonException: Unable to determine type from: U. Last 1 characters read: U&#xa;Build info: version: '3.141.59', revision: 'e82be7d358', time: '2018-11-14T08:25:53'&#xa;System info: host: 'MUDRAGADA', ip: '192.168.1.36', os.name: 'Windows 11', os.arch: 'amd64', os.version: '10.0', java.version: '17.0.7'&#xa;Driver info: driver.version: CEdgeDriver&#xa;	at org.openqa.selenium.json.JsonInput.peek(JsonInput.java:122)&#xa;	at org.openqa.selenium.json.JsonTypeCoercer.lambda$null$6(JsonTypeCoercer.java:140)&#xa;	at org.openqa.selenium.json.JsonTypeCoercer.coerce(JsonTypeCoercer.java:126)&#xa;	at org.openqa.selenium.json.Json.toType(Json.java:69)&#xa;	at org.openqa.selenium.json.Json.toType(Json.java:55)&#xa;	at org.openqa.selenium.json.Json.toType(Json.java:50)&#xa;	at org.openqa.selenium.remote.ProtocolHandshake.createSession(ProtocolHandshake.java:112)&#xa;	at org.openqa.selenium.remote.ProtocolHandshake.createSession(ProtocolHandshake.java:74)&#xa;	at org.openqa.selenium.remote.HttpCommandExecutor.execute(HttpCommandExecutor.java:136)&#xa;	at org.openqa.selenium.remote.service.DriverCommandExecutor.execute(DriverCommandExecutor.java:83)&#xa;	at org.openqa.selenium.remote.RemoteWebDriver.execute(RemoteWebDriver.java:552)&#xa;	at com.kms.katalon.selenium.driver.CEdgeDriver.execute(CEdgeDriver.java:20)&#xa;	at org.openqa.selenium.remote.RemoteWebDriver.startSession(RemoteWebDriver.java:213)&#xa;	at org.openqa.selenium.remote.RemoteWebDriver.&lt;init>(RemoteWebDriver.java:131)&#xa;	at org.openqa.selenium.edge.EdgeDriver.&lt;init>(EdgeDriver.java:154)&#xa;	at com.kms.katalon.selenium.driver.CEdgeDriver.&lt;init>(CEdgeDriver.java:14)&#xa;	at com.kms.katalon.core.webui.driver.DriverFactory.createNewEdgeDriver(DriverFactory.java:666)&#xa;	at com.kms.katalon.core.webui.driver.DriverFactory.startNewBrowser(DriverFactory.java:387)&#xa;	at com.kms.katalon.core.webui.driver.DriverFactory.openWebDriver(DriverFactory.java:264)&#xa;	at com.kms.katalon.core.webui.keyword.builtin.OpenBrowserKeyword$_openBrowser_closure1.doCall(OpenBrowserKeyword.groovy:74)&#xa;	at com.kms.katalon.core.webui.keyword.builtin.OpenBrowserKeyword$_openBrowser_closure1.call(OpenBrowserKeyword.groovy)&#xa;	at com.kms.katalon.core.webui.keyword.internal.WebUIKeywordMain.runKeyword(WebUIKeywordMain.groovy:20)&#xa;	at com.kms.katalon.core.webui.keyword.builtin.OpenBrowserKeyword.openBrowser(OpenBrowserKeyword.groovy:81)&#xa;	at com.kms.katalon.core.webui.keyword.builtin.OpenBrowserKeyword.execute(OpenBrowserKeyword.groovy:67)&#xa;	at com.kms.katalon.core.keyword.internal.KeywordExecutor.executeKeywordForPlatform(KeywordExecutor.groovy:74)&#xa;	at com.kms.katalon.core.webui.keyword.WebUiBuiltInKeywords.openBrowser(WebUiBuiltInKeywords.groovy:64)&#xa;	at global_variable_country_tc_010.run(global_variable_country_tc_010:20)&#xa;	... 18 more&#xa;"/>
         <system-out><![CDATA[26-01-2024T17:41:10 - [TEST_CASE][FAILED] - Test Cases/variable_testcase_folder/global_variable_country_tc_010: Test Cases/variable_testcase_folder/global_variable_country_tc_010 FAILED.
Reason:
com.kms.katalon.core.exception.StepFailedException: Unable to open browser with url: ''
	at com.kms.katalon.core.webui.keyword.internal.WebUIKeywordMain.stepFailed(WebUIKeywordMain.groovy:64)
	at com.kms.katalon.core.webui.keyword.internal.WebUIKeywordMain.runKeyword(WebUIKeywordMain.groovy:26)
	at com.kms.katalon.core.webui.keyword.builtin.OpenBrowserKeyword.openBrowser(OpenBrowserKeyword.groovy:81)
	at com.kms.katalon.core.webui.keyword.builtin.OpenBrowserKeyword.execute(OpenBrowserKeyword.groovy:67)
	at com.kms.katalon.core.keyword.internal.KeywordExecutor.executeKeywordForPlatform(KeywordExecutor.groovy:74)
	at com.kms.katalon.core.webui.keyword.WebUiBuiltInKeywords.openBrowser(WebUiBuiltInKeywords.groovy:64)
	at global_variable_country_tc_010.run(global_variable_country_tc_010:20)
	at com.kms.katalon.core.main.ScriptEngine.run(ScriptEngine.java:194)
	at com.kms.katalon.core.main.ScriptEngine.runScriptAsRawText(ScriptEngine.java:119)
	at com.kms.katalon.core.main.TestCaseExecutor.runScript(TestCaseExecutor.java:448)
	at com.kms.katalon.core.main.TestCaseExecutor.doExecute(TestCaseExecutor.java:439)
	at com.kms.katalon.core.main.TestCaseExecutor.processExecutionPhase(TestCaseExecutor.java:418)
	at com.kms.katalon.core.main.TestCaseExecutor.accessMainPhase(TestCaseExecutor.java:410)
	at com.kms.katalon.core.main.TestCaseExecutor.execute(TestCaseExecutor.java:285)
	at com.kms.katalon.core.main.TestCaseExecutor.execute(TestCaseExecutor.java:369)
	at com.kms.katalon.core.main.TestCaseExecutor.execute(TestCaseExecutor.java:369)
	at com.kms.katalon.core.main.TestCaseExecutor.execute(TestCaseExecutor.java:369)
	at com.kms.katalon.core.common.CommonExecutor.accessTestCaseMainPhase(CommonExecutor.java:65)
	at com.kms.katalon.core.main.TestSuiteExecutor.accessTestSuiteMainPhase(TestSuiteExecutor.java:148)
	at com.kms.katalon.core.main.TestSuiteExecutor.execute(TestSuiteExecutor.java:106)
	at com.kms.katalon.core.main.TestCaseMain.startTestSuite(TestCaseMain.java:180)
	at TempTestSuite1706271016351.run(TempTestSuite1706271016351.groovy:36)
	at java.base/jdk.internal.reflect.NativeMethodAccessorImpl.invoke0(Native Method)
	at java.base/jdk.internal.reflect.NativeMethodAccessorImpl.invoke(NativeMethodAccessorImpl.java:77)
	at java.base/jdk.internal.reflect.DelegatingMethodAccessorImpl.invoke(DelegatingMethodAccessorImpl.java:43)
Caused by: org.openqa.selenium.WebDriverException: Unable to parse remote response: Unknown error
	at org.openqa.selenium.remote.ProtocolHandshake.createSession(ProtocolHandshake.java:115)
	at org.openqa.selenium.remote.ProtocolHandshake.createSession(ProtocolHandshake.java:74)
	at org.openqa.selenium.remote.HttpCommandExecutor.execute(HttpCommandExecutor.java:136)
	at org.openqa.selenium.remote.service.DriverCommandExecutor.execute(DriverCommandExecutor.java:83)
	at org.openqa.selenium.remote.RemoteWebDriver.execute(RemoteWebDriver.java:552)
	at com.kms.katalon.selenium.driver.CEdgeDriver.execute(CEdgeDriver.java:20)
	at org.openqa.selenium.remote.RemoteWebDriver.startSession(RemoteWebDriver.java:213)
	at org.openqa.selenium.remote.RemoteWebDriver.<init>(RemoteWebDriver.java:131)
	at org.openqa.selenium.edge.EdgeDriver.<init>(EdgeDriver.java:154)
	at com.kms.katalon.selenium.driver.CEdgeDriver.<init>(CEdgeDriver.java:14)
	at com.kms.katalon.core.webui.driver.DriverFactory.createNewEdgeDriver(DriverFactory.java:666)
	at com.kms.katalon.core.webui.driver.DriverFactory.startNewBrowser(DriverFactory.java:387)
	at com.kms.katalon.core.webui.driver.DriverFactory.openWebDriver(DriverFactory.java:264)
	at com.kms.katalon.core.webui.keyword.builtin.OpenBrowserKeyword$_openBrowser_closure1.doCall(OpenBrowserKeyword.groovy:74)
	at com.kms.katalon.core.webui.keyword.builtin.OpenBrowserKeyword$_openBrowser_closure1.call(OpenBrowserKeyword.groovy)
	at com.kms.katalon.core.webui.keyword.internal.WebUIKeywordMain.runKeyword(WebUIKeywordMain.groovy:20)
	at com.kms.katalon.core.webui.keyword.builtin.OpenBrowserKeyword.openBrowser(OpenBrowserKeyword.groovy:81)
	at com.kms.katalon.core.webui.keyword.builtin.OpenBrowserKeyword.execute(OpenBrowserKeyword.groovy:67)
	at com.kms.katalon.core.keyword.internal.KeywordExecutor.executeKeywordForPlatform(KeywordExecutor.groovy:74)
	at com.kms.katalon.core.webui.keyword.WebUiBuiltInKeywords.openBrowser(WebUiBuiltInKeywords.groovy:64)
	at Script1706266406498.run(Script1706266406498.groovy:20)
	... 18 more
Caused by: org.openqa.selenium.json.JsonException: Unable to determine type from: U. Last 1 characters read: U
Build info: version: '3.141.59', revision: 'e82be7d358', time: '2018-11-14T08:25:53'
System info: host: 'MUDRAGADA', ip: '192.168.1.36', os.name: 'Windows 11', os.arch: 'amd64', os.version: '10.0', java.version: '17.0.7'
Driver info: driver.version: CEdgeDriver
	at org.openqa.selenium.json.JsonInput.peek(JsonInput.java:122)
	at org.openqa.selenium.json.JsonTypeCoercer.lambda$null$6(JsonTypeCoercer.java:140)
	at org.openqa.selenium.json.JsonTypeCoercer.coerce(JsonTypeCoercer.java:126)
	at org.openqa.selenium.json.Json.toType(Json.java:69)
	at org.openqa.selenium.json.Json.toType(Json.java:55)
	at org.openqa.selenium.json.Json.toType(Json.java:50)
	at org.openqa.selenium.remote.ProtocolHandshake.createSession(ProtocolHandshake.java:112)
	at org.openqa.selenium.remote.ProtocolHandshake.createSession(ProtocolHandshake.java:74)
	at org.openqa.selenium.remote.HttpCommandExecutor.execute(HttpCommandExecutor.java:136)
	at org.openqa.selenium.remote.service.DriverCommandExecutor.execute(DriverCommandExecutor.java:83)
	at org.openqa.selenium.remote.RemoteWebDriver.execute(RemoteWebDriver.java:552)
	at com.kms.katalon.selenium.driver.CEdgeDriver.execute(CEdgeDriver.java:20)
	at org.openqa.selenium.remote.RemoteWebDriver.startSession(RemoteWebDriver.java:213)
	at org.openqa.selenium.remote.RemoteWebDriver.<init>(RemoteWebDriver.java:131)
	at org.openqa.selenium.edge.EdgeDriver.<init>(EdgeDriver.java:154)
	at com.kms.katalon.selenium.driver.CEdgeDriver.<init>(CEdgeDriver.java:14)
	at com.kms.katalon.core.webui.driver.DriverFactory.createNewEdgeDriver(DriverFactory.java:666)
	at com.kms.katalon.core.webui.driver.DriverFactory.startNewBrowser(DriverFactory.java:387)
	at com.kms.katalon.core.webui.driver.DriverFactory.openWebDriver(DriverFactory.java:264)
	at com.kms.katalon.core.webui.keyword.builtin.OpenBrowserKeyword$_openBrowser_closure1.doCall(OpenBrowserKeyword.groovy:74)
	at com.kms.katalon.core.webui.keyword.builtin.OpenBrowserKeyword$_openBrowser_closure1.call(OpenBrowserKeyword.groovy)
	at com.kms.katalon.core.webui.keyword.internal.WebUIKeywordMain.runKeyword(WebUIKeywordMain.groovy:20)
	at com.kms.katalon.core.webui.keyword.builtin.OpenBrowserKeyword.openBrowser(OpenBrowserKeyword.groovy:81)
	at com.kms.katalon.core.webui.keyword.builtin.OpenBrowserKeyword.execute(OpenBrowserKeyword.groovy:67)
	at com.kms.katalon.core.keyword.internal.KeywordExecutor.executeKeywordForPlatform(KeywordExecutor.groovy:74)
	at com.kms.katalon.core.webui.keyword.WebUiBuiltInKeywords.openBrowser(WebUiBuiltInKeywords.groovy:64)
	at global_variable_country_tc_010.run(global_variable_country_tc_010:20)
	... 18 more


26-01-2024T17:41:10 - [TEST_STEP][FAILED] - openBrowser(""): Unable to open browser with url: '' (Root cause: com.kms.katalon.core.exception.StepFailedException: Unable to open browser with url: ''
	at com.kms.katalon.core.webui.keyword.internal.WebUIKeywordMain.stepFailed(WebUIKeywordMain.groovy:64)
	at com.kms.katalon.core.webui.keyword.internal.WebUIKeywordMain.runKeyword(WebUIKeywordMain.groovy:26)
	at com.kms.katalon.core.webui.keyword.builtin.OpenBrowserKeyword.openBrowser(OpenBrowserKeyword.groovy:81)
	at com.kms.katalon.core.webui.keyword.builtin.OpenBrowserKeyword.execute(OpenBrowserKeyword.groovy:67)
	at com.kms.katalon.core.keyword.internal.KeywordExecutor.executeKeywordForPlatform(KeywordExecutor.groovy:74)
	at com.kms.katalon.core.webui.keyword.WebUiBuiltInKeywords.openBrowser(WebUiBuiltInKeywords.groovy:64)
	at global_variable_country_tc_010.run(global_variable_country_tc_010:20)
	at com.kms.katalon.core.main.ScriptEngine.run(ScriptEngine.java:194)
	at com.kms.katalon.core.main.ScriptEngine.runScriptAsRawText(ScriptEngine.java:119)
	at com.kms.katalon.core.main.TestCaseExecutor.runScript(TestCaseExecutor.java:448)
	at com.kms.katalon.core.main.TestCaseExecutor.doExecute(TestCaseExecutor.java:439)
	at com.kms.katalon.core.main.TestCaseExecutor.processExecutionPhase(TestCaseExecutor.java:418)
	at com.kms.katalon.core.main.TestCaseExecutor.accessMainPhase(TestCaseExecutor.java:410)
	at com.kms.katalon.core.main.TestCaseExecutor.execute(TestCaseExecutor.java:285)
	at com.kms.katalon.core.main.TestCaseExecutor.execute(TestCaseExecutor.java:369)
	at com.kms.katalon.core.main.TestCaseExecutor.execute(TestCaseExecutor.java:369)
	at com.kms.katalon.core.main.TestCaseExecutor.execute(TestCaseExecutor.java:369)
	at com.kms.katalon.core.common.CommonExecutor.accessTestCaseMainPhase(CommonExecutor.java:65)
	at com.kms.katalon.core.main.TestSuiteExecutor.accessTestSuiteMainPhase(TestSuiteExecutor.java:148)
	at com.kms.katalon.core.main.TestSuiteExecutor.execute(TestSuiteExecutor.java:106)
	at com.kms.katalon.core.main.TestCaseMain.startTestSuite(TestCaseMain.java:180)
	at TempTestSuite1706271016351.run(TempTestSuite1706271016351.groovy:36)
	at java.base/jdk.internal.reflect.NativeMethodAccessorImpl.invoke0(Native Method)
	at java.base/jdk.internal.reflect.NativeMethodAccessorImpl.invoke(NativeMethodAccessorImpl.java:77)
	at java.base/jdk.internal.reflect.DelegatingMethodAccessorImpl.invoke(DelegatingMethodAccessorImpl.java:43)
Caused by: org.openqa.selenium.WebDriverException: Unable to parse remote response: Unknown error
	at org.openqa.selenium.remote.ProtocolHandshake.createSession(ProtocolHandshake.java:115)
	at org.openqa.selenium.remote.ProtocolHandshake.createSession(ProtocolHandshake.java:74)
	at org.openqa.selenium.remote.HttpCommandExecutor.execute(HttpCommandExecutor.java:136)
	at org.openqa.selenium.remote.service.DriverCommandExecutor.execute(DriverCommandExecutor.java:83)
	at org.openqa.selenium.remote.RemoteWebDriver.execute(RemoteWebDriver.java:552)
	at com.kms.katalon.selenium.driver.CEdgeDriver.execute(CEdgeDriver.java:20)
	at org.openqa.selenium.remote.RemoteWebDriver.startSession(RemoteWebDriver.java:213)
	at org.openqa.selenium.remote.RemoteWebDriver.<init>(RemoteWebDriver.java:131)
	at org.openqa.selenium.edge.EdgeDriver.<init>(EdgeDriver.java:154)
	at com.kms.katalon.selenium.driver.CEdgeDriver.<init>(CEdgeDriver.java:14)
	at com.kms.katalon.core.webui.driver.DriverFactory.createNewEdgeDriver(DriverFactory.java:666)
	at com.kms.katalon.core.webui.driver.DriverFactory.startNewBrowser(DriverFactory.java:387)
	at com.kms.katalon.core.webui.driver.DriverFactory.openWebDriver(DriverFactory.java:264)
	at com.kms.katalon.core.webui.keyword.builtin.OpenBrowserKeyword$_openBrowser_closure1.doCall(OpenBrowserKeyword.groovy:74)
	at com.kms.katalon.core.webui.keyword.builtin.OpenBrowserKeyword$_openBrowser_closure1.call(OpenBrowserKeyword.groovy)
	at com.kms.katalon.core.webui.keyword.internal.WebUIKeywordMain.runKeyword(WebUIKeywordMain.groovy:20)
	at com.kms.katalon.core.webui.keyword.builtin.OpenBrowserKeyword.openBrowser(OpenBrowserKeyword.groovy:81)
	at com.kms.katalon.core.webui.keyword.builtin.OpenBrowserKeyword.execute(OpenBrowserKeyword.groovy:67)
	at com.kms.katalon.core.keyword.internal.KeywordExecutor.executeKeywordForPlatform(KeywordExecutor.groovy:74)
	at com.kms.katalon.core.webui.keyword.WebUiBuiltInKeywords.openBrowser(WebUiBuiltInKeywords.groovy:64)
	at Script1706266406498.run(Script1706266406498.groovy:20)
	... 18 more
Caused by: org.openqa.selenium.json.JsonException: Unable to determine type from: U. Last 1 characters read: U
Build info: version: '3.141.59', revision: 'e82be7d358', time: '2018-11-14T08:25:53'
System info: host: 'MUDRAGADA', ip: '192.168.1.36', os.name: 'Windows 11', os.arch: 'amd64', os.version: '10.0', java.version: '17.0.7'
Driver info: driver.version: CEdgeDriver
	at org.openqa.selenium.json.JsonInput.peek(JsonInput.java:122)
	at org.openqa.selenium.json.JsonTypeCoercer.lambda$null$6(JsonTypeCoercer.java:140)
	at org.openqa.selenium.json.JsonTypeCoercer.coerce(JsonTypeCoercer.java:126)
	at org.openqa.selenium.json.Json.toType(Json.java:69)
	at org.openqa.selenium.json.Json.toType(Json.java:55)
	at org.openqa.selenium.json.Json.toType(Json.java:50)
	at org.openqa.selenium.remote.ProtocolHandshake.createSession(ProtocolHandshake.java:112)
	... 38 more
)

26-01-2024T17:41:10 - [MESSAGE][INFO] - Starting 'Edge' driver

26-01-2024T17:41:10 - [MESSAGE][INFO] - Action delay is set to 0 milliseconds

26-01-2024T17:41:10 - [MESSAGE][FAILED] - Unable to open browser with url: '' (Root cause: com.kms.katalon.core.exception.StepFailedException: Unable to open browser with url: ''
	at com.kms.katalon.core.webui.keyword.internal.WebUIKeywordMain.stepFailed(WebUIKeywordMain.groovy:64)
	at com.kms.katalon.core.webui.keyword.internal.WebUIKeywordMain.runKeyword(WebUIKeywordMain.groovy:26)
	at com.kms.katalon.core.webui.keyword.builtin.OpenBrowserKeyword.openBrowser(OpenBrowserKeyword.groovy:81)
	at com.kms.katalon.core.webui.keyword.builtin.OpenBrowserKeyword.execute(OpenBrowserKeyword.groovy:67)
	at com.kms.katalon.core.keyword.internal.KeywordExecutor.executeKeywordForPlatform(KeywordExecutor.groovy:74)
	at com.kms.katalon.core.webui.keyword.WebUiBuiltInKeywords.openBrowser(WebUiBuiltInKeywords.groovy:64)
	at global_variable_country_tc_010.run(global_variable_country_tc_010:20)
	at com.kms.katalon.core.main.ScriptEngine.run(ScriptEngine.java:194)
	at com.kms.katalon.core.main.ScriptEngine.runScriptAsRawText(ScriptEngine.java:119)
	at com.kms.katalon.core.main.TestCaseExecutor.runScript(TestCaseExecutor.java:448)
	at com.kms.katalon.core.main.TestCaseExecutor.doExecute(TestCaseExecutor.java:439)
	at com.kms.katalon.core.main.TestCaseExecutor.processExecutionPhase(TestCaseExecutor.java:418)
	at com.kms.katalon.core.main.TestCaseExecutor.accessMainPhase(TestCaseExecutor.java:410)
	at com.kms.katalon.core.main.TestCaseExecutor.execute(TestCaseExecutor.java:285)
	at com.kms.katalon.core.main.TestCaseExecutor.execute(TestCaseExecutor.java:369)
	at com.kms.katalon.core.main.TestCaseExecutor.execute(TestCaseExecutor.java:369)
	at com.kms.katalon.core.main.TestCaseExecutor.execute(TestCaseExecutor.java:369)
	at com.kms.katalon.core.common.CommonExecutor.accessTestCaseMainPhase(CommonExecutor.java:65)
	at com.kms.katalon.core.main.TestSuiteExecutor.accessTestSuiteMainPhase(TestSuiteExecutor.java:148)
	at com.kms.katalon.core.main.TestSuiteExecutor.execute(TestSuiteExecutor.java:106)
	at com.kms.katalon.core.main.TestCaseMain.startTestSuite(TestCaseMain.java:180)
	at TempTestSuite1706271016351.run(TempTestSuite1706271016351.groovy:36)
	at java.base/jdk.internal.reflect.NativeMethodAccessorImpl.invoke0(Native Method)
	at java.base/jdk.internal.reflect.NativeMethodAccessorImpl.invoke(NativeMethodAccessorImpl.java:77)
	at java.base/jdk.internal.reflect.DelegatingMethodAccessorImpl.invoke(DelegatingMethodAccessorImpl.java:43)
Caused by: org.openqa.selenium.WebDriverException: Unable to parse remote response: Unknown error
	at org.openqa.selenium.remote.ProtocolHandshake.createSession(ProtocolHandshake.java:115)
	at org.openqa.selenium.remote.ProtocolHandshake.createSession(ProtocolHandshake.java:74)
	at org.openqa.selenium.remote.HttpCommandExecutor.execute(HttpCommandExecutor.java:136)
	at org.openqa.selenium.remote.service.DriverCommandExecutor.execute(DriverCommandExecutor.java:83)
	at org.openqa.selenium.remote.RemoteWebDriver.execute(RemoteWebDriver.java:552)
	at com.kms.katalon.selenium.driver.CEdgeDriver.execute(CEdgeDriver.java:20)
	at org.openqa.selenium.remote.RemoteWebDriver.startSession(RemoteWebDriver.java:213)
	at org.openqa.selenium.remote.RemoteWebDriver.<init>(RemoteWebDriver.java:131)
	at org.openqa.selenium.edge.EdgeDriver.<init>(EdgeDriver.java:154)
	at com.kms.katalon.selenium.driver.CEdgeDriver.<init>(CEdgeDriver.java:14)
	at com.kms.katalon.core.webui.driver.DriverFactory.createNewEdgeDriver(DriverFactory.java:666)
	at com.kms.katalon.core.webui.driver.DriverFactory.startNewBrowser(DriverFactory.java:387)
	at com.kms.katalon.core.webui.driver.DriverFactory.openWebDriver(DriverFactory.java:264)
	at com.kms.katalon.core.webui.keyword.builtin.OpenBrowserKeyword$_openBrowser_closure1.doCall(OpenBrowserKeyword.groovy:74)
	at com.kms.katalon.core.webui.keyword.builtin.OpenBrowserKeyword$_openBrowser_closure1.call(OpenBrowserKeyword.groovy)
	at com.kms.katalon.core.webui.keyword.internal.WebUIKeywordMain.runKeyword(WebUIKeywordMain.groovy:20)
	at com.kms.katalon.core.webui.keyword.builtin.OpenBrowserKeyword.openBrowser(OpenBrowserKeyword.groovy:81)
	at com.kms.katalon.core.webui.keyword.builtin.OpenBrowserKeyword.execute(OpenBrowserKeyword.groovy:67)
	at com.kms.katalon.core.keyword.internal.KeywordExecutor.executeKeywordForPlatform(KeywordExecutor.groovy:74)
	at com.kms.katalon.core.webui.keyword.WebUiBuiltInKeywords.openBrowser(WebUiBuiltInKeywords.groovy:64)
	at Script1706266406498.run(Script1706266406498.groovy:20)
	... 18 more
Caused by: org.openqa.selenium.json.JsonException: Unable to determine type from: U. Last 1 characters read: U
Build info: version: '3.141.59', revision: 'e82be7d358', time: '2018-11-14T08:25:53'
System info: host: 'MUDRAGADA', ip: '192.168.1.36', os.name: 'Windows 11', os.arch: 'amd64', os.version: '10.0', java.version: '17.0.7'
Driver info: driver.version: CEdgeDriver
	at org.openqa.selenium.json.JsonInput.peek(JsonInput.java:122)
	at org.openqa.selenium.json.JsonTypeCoercer.lambda$null$6(JsonTypeCoercer.java:140)
	at org.openqa.selenium.json.JsonTypeCoercer.coerce(JsonTypeCoercer.java:126)
	at org.openqa.selenium.json.Json.toType(Json.java:69)
	at org.openqa.selenium.json.Json.toType(Json.java:55)
	at org.openqa.selenium.json.Json.toType(Json.java:50)
	at org.openqa.selenium.remote.ProtocolHandshake.createSession(ProtocolHandshake.java:112)
	... 38 more
)]]></system-out>
         <system-err><![CDATA[26-01-2024T17:41:10 - [TEST_CASE][FAILED] - Test Cases/variable_testcase_folder/global_variable_country_tc_010: Test Cases/variable_testcase_folder/global_variable_country_tc_010 FAILED.
Reason:
com.kms.katalon.core.exception.StepFailedException: Unable to open browser with url: ''
	at com.kms.katalon.core.webui.keyword.internal.WebUIKeywordMain.stepFailed(WebUIKeywordMain.groovy:64)
	at com.kms.katalon.core.webui.keyword.internal.WebUIKeywordMain.runKeyword(WebUIKeywordMain.groovy:26)
	at com.kms.katalon.core.webui.keyword.builtin.OpenBrowserKeyword.openBrowser(OpenBrowserKeyword.groovy:81)
	at com.kms.katalon.core.webui.keyword.builtin.OpenBrowserKeyword.execute(OpenBrowserKeyword.groovy:67)
	at com.kms.katalon.core.keyword.internal.KeywordExecutor.executeKeywordForPlatform(KeywordExecutor.groovy:74)
	at com.kms.katalon.core.webui.keyword.WebUiBuiltInKeywords.openBrowser(WebUiBuiltInKeywords.groovy:64)
	at global_variable_country_tc_010.run(global_variable_country_tc_010:20)
	at com.kms.katalon.core.main.ScriptEngine.run(ScriptEngine.java:194)
	at com.kms.katalon.core.main.ScriptEngine.runScriptAsRawText(ScriptEngine.java:119)
	at com.kms.katalon.core.main.TestCaseExecutor.runScript(TestCaseExecutor.java:448)
	at com.kms.katalon.core.main.TestCaseExecutor.doExecute(TestCaseExecutor.java:439)
	at com.kms.katalon.core.main.TestCaseExecutor.processExecutionPhase(TestCaseExecutor.java:418)
	at com.kms.katalon.core.main.TestCaseExecutor.accessMainPhase(TestCaseExecutor.java:410)
	at com.kms.katalon.core.main.TestCaseExecutor.execute(TestCaseExecutor.java:285)
	at com.kms.katalon.core.main.TestCaseExecutor.execute(TestCaseExecutor.java:369)
[...]
	at com.kms.katalon.core.main.TestCaseExecutor.execute(TestCaseExecutor.java:369)
	at com.kms.katalon.core.main.TestCaseExecutor.execute(TestCaseExecutor.java:369)
	at com.kms.katalon.core.main.TestCaseExecutor.execute(TestCaseExecutor.java:369)
	at com.kms.katalon.core.common.CommonExecutor.accessTestCaseMainPhase(CommonExecutor.java:65)
	at com.kms.katalon.core.main.TestSuiteExecutor.accessTestSuiteMainPhase(TestSuiteExecutor.java:148)
	at com.kms.katalon.core.main.TestSuiteExecutor.execute(TestSuiteExecutor.java:106)
	at com.kms.katalon.core.main.TestCaseMain.startTestSuite(TestCaseMain.java:180)
	at TempTestSuite1706271024353.run(TempTestSuite1706271024353.groovy:36)
	at java.base/jdk.internal.reflect.NativeMethodAccessorImpl.invoke0(Native Method)
	at java.base/jdk.internal.reflect.NativeMethodAccessorImpl.invoke(NativeMethodAccessorImpl.java:77)
	at java.base/jdk.internal.reflect.DelegatingMethodAccessorImpl.invoke(DelegatingMethodAccessorImpl.java:43)
Caused by: org.openqa.selenium.WebDriverException: Unable to parse remote response: Unknown error
	at org.openqa.selenium.remote.ProtocolHandshake.createSession(ProtocolHandshake.java:115)
	at org.openqa.selenium.remote.ProtocolHandshake.createSession(ProtocolHandshake.java:74)
	at org.openqa.selenium.remote.HttpCommandExecutor.execute(HttpCommandExecutor.java:136)
	at org.openqa.selenium.remote.service.DriverCommandExecutor.execute(DriverCommandExecutor.java:83)
	at org.openqa.selenium.remote.RemoteWebDriver.execute(RemoteWebDriver.java:552)
	at com.kms.katalon.selenium.driver.CEdgeDriver.execute(CEdgeDriver.java:20)
	at org.openqa.selenium.remote.RemoteWebDriver.startSession(RemoteWebDriver.java:213)
	at org.openqa.selenium.remote.RemoteWebDriver.<init>(RemoteWebDriver.java:131)
	at org.openqa.selenium.edge.EdgeDriver.<init>(EdgeDriver.java:154)
	at com.kms.katalon.selenium.driver.CEdgeDriver.<init>(CEdgeDriver.java:14)
	at com.kms.katalon.core.webui.driver.DriverFactory.createNewEdgeDriver(DriverFactory.java:666)
	at com.kms.katalon.core.webui.driver.DriverFactory.startNewBrowser(DriverFactory.java:387)
	at com.kms.katalon.core.webui.driver.DriverFactory.openWebDriver(DriverFactory.java:264)
	at com.kms.katalon.core.webui.keyword.builtin.OpenBrowserKeyword$_openBrowser_closure1.doCall(OpenBrowserKeyword.groovy:74)
	at com.kms.katalon.core.webui.keyword.builtin.OpenBrowserKeyword$_openBrowser_closure1.call(OpenBrowserKeyword.groovy)
	at com.kms.katalon.core.webui.keyword.internal.WebUIKeywordMain.runKeyword(WebUIKeywordMain.groovy:20)
	at com.kms.katalon.core.webui.keyword.builtin.OpenBrowserKeyword.openBrowser(OpenBrowserKeyword.groovy:81)
	at com.kms.katalon.core.webui.keyword.builtin.OpenBrowserKeyword.execute(OpenBrowserKeyword.groovy:67)
	at com.kms.katalon.core.keyword.internal.KeywordExecutor.executeKeywordForPlatform(KeywordExecutor.groovy:74)
	at com.kms.katalon.core.webui.keyword.WebUiBuiltInKeywords.openBrowser(WebUiBuiltInKeywords.groovy:64)
	at Script1706264087025.run(Script1706264087025.groovy:20)
	... 18 more
Caused by: org.openqa.selenium.json.JsonException: Unable to determine type from: U. Last 1 characters read: U
Build info: version: '3.141.59', revision: 'e82be7d358', time: '2018-11-14T08:25:53'
System info: host: 'MUDRAGADA', ip: '192.168.1.36', os.name: 'Windows 11', os.arch: 'amd64', os.version: '10.0', java.version: '17.0.7'
Driver info: driver.version: CEdgeDriver
	at org.openqa.selenium.json.JsonInput.peek(JsonInput.java:122)
	at org.openqa.selenium.json.JsonTypeCoercer.lambda$null$6(JsonTypeCoercer.java:140)
	at org.openqa.selenium.json.JsonTypeCoercer.coerce(JsonTypeCoercer.java:126)
	at org.openqa.selenium.json.Json.toType(Json.java:69)
	at org.openqa.selenium.json.Json.toType(Json.java:55)
	at org.openqa.selenium.json.Json.toType(Json.java:50)
	at org.openqa.selenium.remote.ProtocolHandshake.createSession(ProtocolHandshake.java:112)
	at org.openqa.selenium.remote.ProtocolHandshake.createSession(ProtocolHandshake.java:74)
	at org.openqa.selenium.remote.HttpCommandExecutor.execute(HttpCommandExecutor.java:136)
	at org.openqa.selenium.remote.service.DriverCommandExecutor.execute(DriverCommandExecutor.java:83)
	at org.openqa.selenium.remote.RemoteWebDriver.execute(RemoteWebDriver.java:552)
	at com.kms.katalon.selenium.driver.CEdgeDriver.execute(CEdgeDriver.java:20)
	at org.openqa.selenium.remote.RemoteWebDriver.startSession(RemoteWebDriver.java:213)
	at org.openqa.selenium.remote.RemoteWebDriver.<init>(RemoteWebDriver.java:131)
	at org.openqa.selenium.edge.EdgeDriver.<init>(EdgeDriver.java:154)
	at com.kms.katalon.selenium.driver.CEdgeDriver.<init>(CEdgeDriver.java:14)
	at com.kms.katalon.core.webui.driver.DriverFactory.createNewEdgeDriver(DriverFactory.java:666)
	at com.kms.katalon.core.webui.driver.DriverFactory.startNewBrowser(DriverFactory.java:387)
	at com.kms.katalon.core.webui.driver.DriverFactory.openWebDriver(DriverFactory.java:264)
	at com.kms.katalon.core.webui.keyword.builtin.OpenBrowserKeyword$_openBrowser_closure1.doCall(OpenBrowserKeyword.groovy:74)
	at com.kms.katalon.core.webui.keyword.builtin.OpenBrowserKeyword$_openBrowser_closure1.call(OpenBrowserKeyword.groovy)
	at com.kms.katalon.core.webui.keyword.internal.WebUIKeywordMain.runKeyword(WebUIKeywordMain.groovy:20)
	at com.kms.katalon.core.webui.keyword.builtin.OpenBrowserKeyword.openBrowser(OpenBrowserKeyword.groovy:81)
	at com.kms.katalon.core.webui.keyword.builtin.OpenBrowserKeyword.execute(OpenBrowserKeyword.groovy:67)
	at com.kms.katalon.core.keyword.internal.KeywordExecutor.executeKeywordForPlatform(KeywordExecutor.groovy:74)
	at com.kms.katalon.core.webui.keyword.WebUiBuiltInKeywords.openBrowser(WebUiBuiltInKeywords.groovy:64)
	at local_variable_tc_006.run(local_variable_tc_006:20)
	... 18 more]]></system-err>
      </testcase>
      <system-out><![CDATA[26-01-2024T17:41:02 - [TEST_SUITE][FAILED] - local_variable_test_suite: Test Cases/variable_testcase_folder/local_variable_tc_006 FAILED.
Reason:
com.kms.katalon.core.exception.StepFailedException: Unable to open browser with url: ''
	at com.kms.katalon.core.webui.keyword.internal.WebUIKeywordMain.stepFailed(WebUIKeywordMain.groovy:64)
	at com.kms.katalon.core.webui.keyword.internal.WebUIKeywordMain.runKeyword(WebUIKeywordMain.groovy:26)
	at com.kms.katalon.core.webui.keyword.builtin.OpenBrowserKeyword.openBrowser(OpenBrowserKeyword.groovy:81)
	at com.kms.katalon.core.webui.keyword.builtin.OpenBrowserKeyword.execute(OpenBrowserKeyword.groovy:67)
	at com.kms.katalon.core.keyword.internal.KeywordExecutor.executeKeywordForPlatform(KeywordExecutor.groovy:74)
	at com.kms.katalon.core.webui.keyword.WebUiBuiltInKeywords.openBrowser(WebUiBuiltInKeywords.groovy:64)
	at local_variable_tc_006.run(local_variable_tc_006:20)
	at com.kms.katalon.core.main.ScriptEngine.run(ScriptEngine.java:194)
	at com.kms.katalon.core.main.ScriptEngine.runScriptAsRawText(ScriptEngine.java:119)
	at com.kms.katalon.core.main.TestCaseExecutor.runScript(TestCaseExecutor.java:448)
	at com.kms.katalon.core.main.TestCaseExecutor.doExecute(TestCaseExecutor.java:439)
	at com.kms.katalon.core.main.TestCaseExecutor.processExecutionPhase(TestCaseExecutor.java:418)
	at com.kms.katalon.core.main.TestCaseExecutor.accessMainPhase(TestCaseExecutor.java:410)
	at com.kms.katalon.core.main.TestCaseExecutor.execute(TestCaseExecutor.java:285)
	at com.kms.katalon.core.common.CommonExecutor.accessTestCaseMainPhase(CommonExecutor.java:65)
	at com.kms.katalon.core.main.TestSuiteExecutor.accessTestSuiteMainPhase(TestSuiteExecutor.java:148)
	at com.kms.katalon.core.main.TestSuiteExecutor.execute(TestSuiteExecutor.java:106)
	at com.kms.katalon.core.main.TestCaseMain.startTestSuite(TestCaseMain.java:180)
	at TempTestSuite1706271024353.run(TempTestSuite1706271024353.groovy:36)
	at java.base/jdk.internal.reflect.NativeMethodAccessorImpl.invoke0(Native Method)
	at java.base/jdk.internal.reflect.NativeMethodAccessorImpl.invoke(NativeMethodAccessorImpl.java:77)
	at java.base/jdk.internal.reflect.DelegatingMethodAccessorImpl.invoke(DelegatingMethodAccessorImpl.java:43)
Caused by: org.openqa.selenium.WebDriverException: Unable to parse remote response: Unknown error
	at org.openqa.selenium.remote.ProtocolHandshake.createSession(ProtocolHandshake.java:115)
	at org.openqa.selenium.remote.ProtocolHandshake.createSession(ProtocolHandshake.java:74)
	at org.openqa.selenium.remote.HttpCommandExecutor.execute(HttpCommandExecutor.java:136)
	at org.openqa.selenium.remote.service.DriverCommandExecutor.execute(DriverCommandExecutor.java:83)
	at org.openqa.selenium.remote.RemoteWebDriver.execute(RemoteWebDriver.java:552)
	at com.kms.katalon.selenium.driver.CEdgeDriver.execute(CEdgeDriver.java:20)
	at org.openqa.selenium.remote.RemoteWebDriver.startSession(RemoteWebDriver.java:213)
	at org.openqa.selenium.remote.RemoteWebDriver.<init>(RemoteWebDriver.java:131)
	at org.openqa.selenium.edge.EdgeDriver.<init>(EdgeDriver.java:154)
	at com.kms.katalon.selenium.driver.CEdgeDriver.<init>(CEdgeDriver.java:14)
	at com.kms.katalon.core.webui.driver.DriverFactory.createNewEdgeDriver(DriverFactory.java:666)
	at com.kms.katalon.core.webui.driver.DriverFactory.startNewBrowser(DriverFactory.java:387)
	at com.kms.katalon.core.webui.driver.DriverFactory.openWebDriver(DriverFactory.java:264)
	at com.kms.katalon.core.webui.keyword.builtin.OpenBrowserKeyword$_openBrowser_closure1.doCall(OpenBrowserKeyword.groovy:74)
	at com.kms.katalon.core.webui.keyword.builtin.OpenBrowserKeyword$_openBrowser_closure1.call(OpenBrowserKeyword.groovy)
	at com.kms.katalon.core.webui.keyword.internal.WebUIKeywordMain.runKeyword(WebUIKeywordMain.groovy:20)
	at com.kms.katalon.core.webui.keyword.builtin.OpenBrowserKeyword.openBrowser(OpenBrowserKeyword.groovy:81)
	at com.kms.katalon.core.webui.keyword.builtin.OpenBrowserKeyword.execute(OpenBrowserKeyword.groovy:67)
	at com.kms.katalon.core.keyword.internal.KeywordExecutor.executeKeywordForPlatform(KeywordExecutor.groovy:74)
	at com.kms.katalon.core.webui.keyword.WebUiBuiltInKeywords.openBrowser(WebUiBuiltInKeywords.groovy:64)
	at Script1706264087025.run(Script1706264087025.groovy:20)
	... 15 more
Caused by: org.openqa.selenium.json.JsonException: Unable to determine type from: U. Last 1 characters read: U
Build info: version: '3.141.59', revision: 'e82be7d358', time: '2018-11-14T08:25:53'
System info: host: 'MUDRAGADA', ip: '192.168.1.36', os.name: 'Windows 11', os.arch: 'amd64', os.version: '10.0', java.version: '17.0.7'
Driver info: driver.version: CEdgeDriver
	at org.openqa.selenium.json.JsonInput.peek(JsonInput.java:122)
	at org.openqa.selenium.json.JsonTypeCoercer.lambda$null$6(JsonTypeCoercer.java:140)
	at org.openqa.selenium.json.JsonTypeCoercer.coerce(JsonTypeCoercer.java:126)
	at org.openqa.selenium.json.Json.toType(Json.java:69)
	at org.openqa.selenium.json.Json.toType(Json.java:55)
	at org.openqa.selenium.json.Json.toType(Json.java:50)
	at org.openqa.selenium.remote.ProtocolHandshake.createSession(ProtocolHandshake.java:112)
	at org.openqa.selenium.remote.ProtocolHandshake.createSession(ProtocolHandshake.java:74)
	at org.openqa.selenium.remote.HttpCommandExecutor.execute(HttpCommandExecutor.java:136)
	at org.openqa.selenium.remote.service.DriverCommandExecutor.execute(DriverCommandExecutor.java:83)
	at org.openqa.selenium.remote.RemoteWebDriver.execute(RemoteWebDriver.java:552)
	at com.kms.katalon.selenium.driver.CEdgeDriver.execute(CEdgeDriver.java:20)
	at org.openqa.selenium.remote.RemoteWebDriver.startSession(RemoteWebDriver.java:213)
	at org.openqa.selenium.remote.RemoteWebDriver.<init>(RemoteWebDriver.java:131)
	at org.openqa.selenium.edge.EdgeDriver.<init>(EdgeDriver.java:154)
	at com.kms.katalon.selenium.driver.CEdgeDriver.<init>(CEdgeDriver.java:14)
	at com.kms.katalon.core.webui.driver.DriverFactory.createNewEdgeDriver(DriverFactory.java:666)
	at com.kms.katalon.core.webui.driver.DriverFactory.startNewBrowser(DriverFactory.java:387)
	at com.kms.katalon.core.webui.driver.DriverFactory.openWebDriver(DriverFactory.java:264)
	at com.kms.katalon.core.webui.keyword.builtin.OpenBrowserKeyword$_openBrowser_closure1.doCall(OpenBrowserKeyword.groovy:74)
	at com.kms.katalon.core.webui.keyword.builtin.OpenBrowserKeyword$_openBrowser_closure1.call(OpenBrowserKeyword.groovy)
	at com.kms.katalon.core.webui.keyword.internal.WebUIKeywordMain.runKeyword(WebUIKeywordMain.groovy:20)
	at com.kms.katalon.core.webui.keyword.builtin.OpenBrowserKeyword.openBrowser(OpenBrowserKeyword.groovy:81)
	at com.kms.katalon.core.webui.keyword.builtin.OpenBrowserKeyword.execute(OpenBrowserKeyword.groovy:67)
	at com.kms.katalon.core.keyword.internal.KeywordExecutor.executeKeywordForPlatform(KeywordExecutor.groovy:74)
	at com.kms.katalon.core.webui.keyword.WebUiBuiltInKeywords.openBrowser(WebUiBuiltInKeywords.groovy:64)
	at local_variable_tc_006.run(local_variable_tc_006:20)
	... 15 more]]></system-out>
      <system-err><![CDATA[26-01-2024T17:41:02 - [TEST_SUITE][FAILED] - local_variable_test_suite: Test Cases/variable_testcase_folder/local_variable_tc_006 FAILED.
Reason:
com.kms.katalon.core.exception.StepFailedException: Unable to open browser with url: ''
	at com.kms.katalon.core.webui.keyword.internal.WebUIKeywordMain.stepFailed(WebUIKeywordMain.groovy:64)
	at com.kms.katalon.core.webui.keyword.internal.WebUIKeywordMain.runKeyword(WebUIKeywordMain.groovy:26)
	at com.kms.katalon.core.webui.keyword.builtin.OpenBrowserKeyword.openBrowser(OpenBrowserKeyword.groovy:81)
	at com.kms.katalon.core.webui.keyword.builtin.OpenBrowserKeyword.execute(OpenBrowserKeyword.groovy:67)
	at com.kms.katalon.core.keyword.internal.KeywordExecutor.executeKeywordForPlatform(KeywordExecutor.groovy:74)
	at com.kms.katalon.core.webui.keyword.WebUiBuiltInKeywords.openBrowser(WebUiBuiltInKeywords.groovy:64)
	at local_variable_tc_006.run(local_variable_tc_006:20)
	at com.kms.katalon.core.main.ScriptEngine.run(ScriptEngine.java:194)
	at com.kms.katalon.core.main.ScriptEngine.runScriptAsRawText(ScriptEngine.java:119)
	at com.kms.katalon.core.main.TestCaseExecutor.runScript(TestCaseExecutor.java:448)
	at com.kms.katalon.core.main.TestCaseExecutor.doExecute(TestCaseExecutor.java:439)
	at com.kms.katalon.core.main.TestCaseExecutor.processExecutionPhase(TestCaseExecutor.java:418)
	at com.kms.katalon.core.main.TestCaseExecutor.accessMainPhase(TestCaseExecutor.java:410)
	at com.kms.katalon.core.main.TestCaseExecutor.execute(TestCaseExecutor.java:285)
	at com.kms.katalon.core.common.CommonExecutor.accessTestCaseMainPhase(CommonExecutor.java:65)
	at com.kms.katalon.core.main.TestSuiteExecutor.accessTestSuiteMainPhase(TestSuiteExecutor.java:148)
	at com.kms.katalon.core.main.TestSuiteExecutor.execute(TestSuiteExecutor.java:106)
	at com.kms.katalon.core.main.TestCaseMain.startTestSuite(TestCaseMain.java:180)
	at TempTestSuite1706271024353.run(TempTestSuite1706271024353.groovy:36)
	at java.base/jdk.internal.reflect.NativeMethodAccessorImpl.invoke0(Native Method)
	at java.base/jdk.internal.reflect.NativeMethodAccessorImpl.invoke(NativeMethodAccessorImpl.java:77)
	at java.base/jdk.internal.reflect.DelegatingMethodAccessorImpl.invoke(DelegatingMethodAccessorImpl.java:43)
Caused by: org.openqa.selenium.WebDriverException: Unable to parse remote response: Unknown error
	at org.openqa.selenium.remote.ProtocolHandshake.createSession(ProtocolHandshake.java:115)
	at org.openqa.selenium.remote.ProtocolHandshake.createSession(ProtocolHandshake.java:74)
	at org.openqa.selenium.remote.HttpCommandExecutor.execute(HttpCommandExecutor.java:136)
	at org.openqa.selenium.remote.service.DriverCommandExecutor.execute(DriverCommandExecutor.java:83)
	at org.openqa.selenium.remote.RemoteWebDriver.execute(RemoteWebDriver.java:552)
	at com.kms.katalon.selenium.driver.CEdgeDriver.execute(CEdgeDriver.java:20)
	at org.openqa.selenium.remote.RemoteWebDriver.startSession(RemoteWebDriver.java:213)
	at org.openqa.selenium.remote.RemoteWebDriver.<init>(RemoteWebDriver.java:131)
	at org.openqa.selenium.edge.EdgeDriver.<init>(EdgeDriver.java:154)
	at com.kms.katalon.selenium.driver.CEdgeDriver.<init>(CEdgeDriver.java:14)
	at com.kms.katalon.core.webui.driver.DriverFactory.createNewEdgeDriver(DriverFactory.java:666)
	at com.kms.katalon.core.webui.driver.DriverFactory.startNewBrowser(DriverFactory.java:387)
	at com.kms.katalon.core.webui.driver.DriverFactory.openWebDriver(DriverFactory.java:264)
	at com.kms.katalon.core.webui.keyword.builtin.OpenBrowserKeyword$_openBrowser_closure1.doCall(OpenBrowserKeyword.groovy:74)
	at com.kms.katalon.core.webui.keyword.builtin.OpenBrowserKeyword$_openBrowser_closure1.call(OpenBrowserKeyword.groovy)
	at com.kms.katalon.core.webui.keyword.internal.WebUIKeywordMain.runKeyword(WebUIKeywordMain.groovy:20)
	at com.kms.katalon.core.webui.keyword.builtin.OpenBrowserKeyword.openBrowser(OpenBrowserKeyword.groovy:81)
	at com.kms.katalon.core.webui.keyword.builtin.OpenBrowserKeyword.execute(OpenBrowserKeyword.groovy:67)
	at com.kms.katalon.core.keyword.internal.KeywordExecutor.executeKeywordForPlatform(KeywordExecutor.groovy:74)
	at com.kms.katalon.core.webui.keyword.WebUiBuiltInKeywords.openBrowser(WebUiBuiltInKeywords.groovy:64)
	at Script1706264087025.run(Script1706264087025.groovy:20)
	... 15 more
Caused by: org.openqa.selenium.json.JsonException: Unable to determine type from: U. Last 1 characters read: U
Build info: version: '3.141.59', revision: 'e82be7d358', time: '2018-11-14T08:25:53'
System info: host: 'MUDRAGADA', ip: '192.168.1.36', os.name: 'Windows 11', os.arch: 'amd64', os.version: '10.0', java.version: '17.0.7'
Driver info: driver.version: CEdgeDriver
	at org.openqa.selenium.json.JsonInput.peek(JsonInput.java:122)
	at org.openqa.selenium.json.JsonTypeCoercer.lambda$null$6(JsonTypeCoercer.java:140)
	at org.openqa.selenium.json.JsonTypeCoercer.coerce(JsonTypeCoercer.java:126)
	at org.openqa.selenium.json.Json.toType(Json.java:69)
	at org.openqa.selenium.json.Json.toType(Json.java:55)
	at org.openqa.selenium.json.Json.toType(Json.java:50)
	at org.openqa.selenium.remote.ProtocolHandshake.createSession(ProtocolHandshake.java:112)
	at org.openqa.selenium.remote.ProtocolHandshake.createSession(ProtocolHandshake.java:74)
	at org.openqa.selenium.remote.HttpCommandExecutor.execute(HttpCommandExecutor.java:136)
	at org.openqa.selenium.remote.service.DriverCommandExecutor.execute(DriverCommandExecutor.java:83)
	at org.openqa.selenium.remote.RemoteWebDriver.execute(RemoteWebDriver.java:552)
	at com.kms.katalon.selenium.driver.CEdgeDriver.execute(CEdgeDriver.java:20)
	at org.openqa.selenium.remote.RemoteWebDriver.startSession(RemoteWebDriver.java:213)
	at org.openqa.selenium.remote.RemoteWebDriver.<init>(RemoteWebDriver.java:131)
	at org.openqa.selenium.edge.EdgeDriver.<init>(EdgeDriver.java:154)
	at com.kms.katalon.selenium.driver.CEdgeDriver.<init>(CEdgeDriver.java:14)
	at com.kms.katalon.core.webui.driver.DriverFactory.createNewEdgeDriver(DriverFactory.java:666)
	at com.kms.katalon.core.webui.driver.DriverFactory.startNewBrowser(DriverFactory.java:387)
	at com.kms.katalon.core.webui.driver.DriverFactory.openWebDriver(DriverFactory.java:264)
	at com.kms.katalon.core.webui.keyword.builtin.OpenBrowserKeyword$_openBrowser_closure1.doCall(OpenBrowserKeyword.groovy:74)
	at com.kms.katalon.core.webui.keyword.builtin.OpenBrowserKeyword$_openBrowser_closure1.call(OpenBrowserKeyword.groovy)
	at com.kms.katalon.core.webui.keyword.internal.WebUIKeywordMain.runKeyword(WebUIKeywordMain.groovy:20)
	at com.kms.katalon.core.webui.keyword.builtin.OpenBrowserKeyword.openBrowser(OpenBrowserKeyword.groovy:81)
	at com.kms.katalon.core.webui.keyword.builtin.OpenBrowserKeyword.execute(OpenBrowserKeyword.groovy:67)
	at com.kms.katalon.core.keyword.internal.KeywordExecutor.executeKeywordForPlatform(KeywordExecutor.groovy:74)
	at com.kms.katalon.core.webui.keyword.WebUiBuiltInKeywords.openBrowser(WebUiBuiltInKeywords.groovy:64)
	at local_variable_tc_006.run(local_variable_tc_006:20)
	... 15 more]]></system-err>
   </testsuite>
</testsuites>
